---------------------------------------------------------------
[ 2017-12-01T17:24:02+08:00 ] 192.168.1.101 192.168.1.101 POST /manager/Menu/index
[ info ] 192.168.1.101/manager/Menu/index [运行时间：0.159180s][吞吐率：6.28req/s] [内存消耗：2,293.07kb] [文件加载：54]
[ info ] [ LANG ] E:\phpStudy\PHPTutorial\WWW\vke\thinkphp\lang\zh-cn.php
[ info ] [ ROUTE ] array (
  'type' => 'module',
  'module' => 
  array (
    0 => 'admin',
    1 => 'Menu',
    2 => 'index',
  ),
  'convert' => false,
)
[ info ] [ HEADER ] array (
  'connection' => 'close',
  'x-lantern-version' => '4.4.0',
  'referer' => 'http://apizza.cc/console/project/d67b3bbfad5baf93306649b831422a32/dev',
  'proxy-connection' => 'keep-alive',
  'origin' => 'http://apizza.cc',
  'cookie' => 'multitransbubbletip=false; SULang=zh%2CCN; themename=vista; multitrans=0; PHPSESSID=n7nkbib93pv51gbi2bnv85nlk7',
  'content-type' => 'multipart/form-data; boundary=----WebKitFormBoundaryKkL2BRbtrsNwaWpB',
  'accept-language' => 'zh-CN,zh;q=0.8',
  'accept-encoding' => 'gzip, deflate',
  'accept' => '*/*',
  'content-length' => '44',
  'user-agent' => 'Mozilla/5.0 (Windows NT 6.1; Win64; x64) AppleWebKit/537.36 (KHTML, like Gecko) Chrome/60.0.3112.113 Safari/537.36',
  'host' => '192.168.1.101',
)
[ info ] [ PARAM ] array (
  '/manager/Menu/index' => '',
  'c' => 'Menu',
  'a' => 'index',
)
[ info ] [ DB ] INIT mysql
[ info ] [ SESSION ] INIT array (
  'id' => '',
  'var_session_id' => '',
  'prefix' => 'think',
  'type' => '',
  'auto_start' => true,
)
[ info ] [ RUN ] app\admin\controller\Menu->index[ E:\phpStudy\PHPTutorial\WWW\vke\application\admin\controller\Menu.php ]
[ info ] [ LOG ] INIT File
[ sql ] [ DB ] CONNECT:[ UseTime:0.000976s ] mysql:host=127.0.0.1;dbname=vke;charset=utf8
[ sql ] [ SQL ] SHOW COLUMNS FROM `vke_admin_menu` [ RunTime:0.028320s ]
[ sql ] [ SQL ] SELECT `id`,`pid`,`name`,`mca` FROM `vke_admin_menu` ORDER BY sorts,id  desc [ RunTime:0.000000s ]
[ sql ] [ EXPLAIN : array (
  'id' => 1,
  'select_type' => 'SIMPLE',
  'table' => 'vke_admin_menu',
  'type' => 'ALL',
  'possible_keys' => NULL,
  'key' => NULL,
  'key_len' => NULL,
  'ref' => NULL,
  'rows' => 7,
  'extra' => 'Using filesort',
) ]
[ sql ] [ SQL ] SHOW COLUMNS FROM `vke_auth_group_access` [ RunTime:0.029296s ]
[ sql ] [ SQL ] SELECT `uid`,`group_id`,`title`,`rules` FROM `vke_auth_group_access` `a` INNER JOIN `vke_auth_group` `g` ON `a`.`group_id`=`g`.`id` WHERE  `a`.`uid` IS NULL  AND `g`.`status` = '1' [ RunTime:0.000000s ]
[ sql ] [ EXPLAIN : array (
  'id' => 1,
  'select_type' => 'SIMPLE',
  'table' => NULL,
  'type' => NULL,
  'possible_keys' => NULL,
  'key' => NULL,
  'key_len' => NULL,
  'ref' => NULL,
  'rows' => NULL,
  'extra' => 'Impossible WHERE',
) ]
[ sql ] [ SQL ] SELECT `id`,`pid`,`name`,`mca`,`icon`,`url` FROM `vke_admin_menu` ORDER BY sorts,id  desc [ RunTime:0.000000s ]
[ sql ] [ EXPLAIN : array (
  'id' => 1,
  'select_type' => 'SIMPLE',
  'table' => 'vke_admin_menu',
  'type' => 'ALL',
  'possible_keys' => NULL,
  'key' => NULL,
  'key_len' => NULL,
  'ref' => NULL,
  'rows' => 7,
  'extra' => 'Using filesort',
) ]
[ warn ] SQL:SELECT `id`,`pid`,`name`,`mca` FROM `vke_admin_menu` ORDER BY sorts,id  desc [Using filesort]
[ warn ] SQL:SELECT `id`,`pid`,`name`,`mca`,`icon`,`url` FROM `vke_admin_menu` ORDER BY sorts,id  desc [Using filesort]
---------------------------------------------------------------
[ 2017-12-01T17:24:09+08:00 ] 192.168.1.101 192.168.1.101 POST /manager/User/doLogin
[ info ] 192.168.1.101/manager/User/doLogin [运行时间：0.307617s][吞吐率：3.25req/s] [内存消耗：2,354.30kb] [文件加载：56]
[ info ] [ LANG ] E:\phpStudy\PHPTutorial\WWW\vke\thinkphp\lang\zh-cn.php
[ info ] [ ROUTE ] array (
  'type' => 'module',
  'module' => 
  array (
    0 => 'admin',
    1 => 'User',
    2 => 'doLogin',
  ),
  'convert' => false,
)
[ info ] [ HEADER ] array (
  'connection' => 'close',
  'x-lantern-version' => '4.4.0',
  'referer' => 'http://apizza.cc/console/project/d67b3bbfad5baf93306649b831422a32/dev',
  'proxy-connection' => 'keep-alive',
  'origin' => 'http://apizza.cc',
  'cookie' => 'multitransbubbletip=false; SULang=zh%2CCN; themename=vista; multitrans=0; PHPSESSID=n7nkbib93pv51gbi2bnv85nlk7',
  'content-type' => 'multipart/form-data; boundary=----WebKitFormBoundaryi3NiWuBBFx11u9ui',
  'accept-language' => 'zh-CN,zh;q=0.8',
  'accept-encoding' => 'gzip, deflate',
  'accept' => '*/*',
  'content-length' => '343',
  'user-agent' => 'Mozilla/5.0 (Windows NT 6.1; Win64; x64) AppleWebKit/537.36 (KHTML, like Gecko) Chrome/60.0.3112.113 Safari/537.36',
  'host' => '192.168.1.101',
)
[ info ] [ PARAM ] array (
  '/manager/User/doLogin' => '',
  'username' => 'admin2',
  'password' => '123456',
  'verify' => '1111',
  'c' => 'User',
  'a' => 'doLogin',
)
[ info ] [ RUN ] app\admin\controller\User->doLogin[ E:\phpStudy\PHPTutorial\WWW\vke\application\admin\controller\User.php ]
[ info ] [ SESSION ] INIT array (
  'id' => '',
  'var_session_id' => '',
  'prefix' => 'think',
  'type' => '',
  'auto_start' => true,
)
[ info ] [ DB ] INIT mysql
[ info ] [ CACHE ] INIT memcache
[ info ] [ LOG ] INIT File
[ sql ] [ DB ] CONNECT:[ UseTime:0.000000s ] mysql:host=127.0.0.1;dbname=vke;charset=utf8
[ sql ] [ SQL ] SHOW COLUMNS FROM `vke_admin_users` [ RunTime:0.013671s ]
[ sql ] [ SQL ] SELECT * FROM `vke_admin_users` WHERE  `username` = 'admin2' LIMIT 1 [ RunTime:0.000000s ]
[ sql ] [ EXPLAIN : array (
  'id' => 1,
  'select_type' => 'SIMPLE',
  'table' => 'vke_admin_users',
  'type' => 'const',
  'possible_keys' => '管理员账号',
  'key' => '管理员账号',
  'key_len' => '92',
  'ref' => 'const',
  'rows' => 1,
  'extra' => '',
) ]
[ sql ] [ SQL ] UPDATE `vke_admin_users`  SET `last_login_time`='2017-12-01 17:24:09',`update_time`='2017-12-01 17:24:09'  WHERE  `id` = 1 [ RunTime:0.000976s ]
---------------------------------------------------------------
[ 2017-12-01T17:24:13+08:00 ] 192.168.1.101 192.168.1.101 POST /manager/Menu/index
[ info ] 192.168.1.101/manager/Menu/index [运行时间：0.153321s][吞吐率：6.52req/s] [内存消耗：2,309.92kb] [文件加载：54]
[ info ] [ LANG ] E:\phpStudy\PHPTutorial\WWW\vke\thinkphp\lang\zh-cn.php
[ info ] [ ROUTE ] array (
  'type' => 'module',
  'module' => 
  array (
    0 => 'admin',
    1 => 'Menu',
    2 => 'index',
  ),
  'convert' => false,
)
[ info ] [ HEADER ] array (
  'connection' => 'close',
  'x-lantern-version' => '4.4.0',
  'referer' => 'http://apizza.cc/console/project/d67b3bbfad5baf93306649b831422a32/dev',
  'proxy-connection' => 'keep-alive',
  'origin' => 'http://apizza.cc',
  'cookie' => 'multitransbubbletip=false; SULang=zh%2CCN; themename=vista; multitrans=0; PHPSESSID=n7nkbib93pv51gbi2bnv85nlk7',
  'content-type' => 'multipart/form-data; boundary=----WebKitFormBoundaryaMOuyPDRg2TVGWC3',
  'accept-language' => 'zh-CN,zh;q=0.8',
  'accept-encoding' => 'gzip, deflate',
  'accept' => '*/*',
  'content-length' => '44',
  'user-agent' => 'Mozilla/5.0 (Windows NT 6.1; Win64; x64) AppleWebKit/537.36 (KHTML, like Gecko) Chrome/60.0.3112.113 Safari/537.36',
  'host' => '192.168.1.101',
)
[ info ] [ PARAM ] array (
  '/manager/Menu/index' => '',
  'c' => 'Menu',
  'a' => 'index',
)
[ info ] [ DB ] INIT mysql
[ info ] [ SESSION ] INIT array (
  'id' => '',
  'var_session_id' => '',
  'prefix' => 'think',
  'type' => '',
  'auto_start' => true,
)
[ info ] [ RUN ] app\admin\controller\Menu->index[ E:\phpStudy\PHPTutorial\WWW\vke\application\admin\controller\Menu.php ]
[ info ] [ LOG ] INIT File
[ sql ] [ DB ] CONNECT:[ UseTime:0.000977s ] mysql:host=127.0.0.1;dbname=vke;charset=utf8
[ sql ] [ SQL ] SHOW COLUMNS FROM `vke_admin_menu` [ RunTime:0.035156s ]
[ sql ] [ SQL ] SELECT `id`,`pid`,`name`,`mca` FROM `vke_admin_menu` ORDER BY sorts,id  desc [ RunTime:0.000000s ]
[ sql ] [ EXPLAIN : array (
  'id' => 1,
  'select_type' => 'SIMPLE',
  'table' => 'vke_admin_menu',
  'type' => 'ALL',
  'possible_keys' => NULL,
  'key' => NULL,
  'key_len' => NULL,
  'ref' => NULL,
  'rows' => 7,
  'extra' => 'Using filesort',
) ]
[ sql ] [ SQL ] SHOW COLUMNS FROM `vke_auth_group_access` [ RunTime:0.032226s ]
[ sql ] [ SQL ] SELECT `uid`,`group_id`,`title`,`rules` FROM `vke_auth_group_access` `a` INNER JOIN `vke_auth_group` `g` ON `a`.`group_id`=`g`.`id` WHERE  `a`.`uid` = 1  AND `g`.`status` = '1' [ RunTime:0.000977s ]
[ sql ] [ EXPLAIN : array (
  'id' => 1,
  'select_type' => 'SIMPLE',
  'table' => 'a',
  'type' => 'ref',
  'possible_keys' => 'uid_group_id,uid,group_id',
  'key' => 'uid_group_id',
  'key_len' => '4',
  'ref' => 'const',
  'rows' => 2,
  'extra' => 'Using index',
) ]
[ sql ] [ SQL ] SHOW COLUMNS FROM `vke_auth_rule` [ RunTime:0.031250s ]
[ sql ] [ SQL ] SELECT `condition`,`name` FROM `vke_auth_rule` WHERE  `id` IN (1,2,3,4,5,6,9,10,11,12,13,14,15,16,17,18,20,22,24,26,27,7,21)  AND `type` = 1  AND `status` = 1 [ RunTime:0.000000s ]
[ sql ] [ EXPLAIN : array (
  'id' => 1,
  'select_type' => 'SIMPLE',
  'table' => 'vke_auth_rule',
  'type' => 'ALL',
  'possible_keys' => 'PRIMARY',
  'key' => NULL,
  'key_len' => NULL,
  'ref' => NULL,
  'rows' => 26,
  'extra' => 'Using where',
) ]
[ sql ] [ SQL ] SELECT `id`,`pid`,`name`,`mca`,`icon`,`url` FROM `vke_admin_menu` ORDER BY sorts,id  desc [ RunTime:0.000977s ]
[ sql ] [ EXPLAIN : array (
  'id' => 1,
  'select_type' => 'SIMPLE',
  'table' => 'vke_admin_menu',
  'type' => 'ALL',
  'possible_keys' => NULL,
  'key' => NULL,
  'key_len' => NULL,
  'ref' => NULL,
  'rows' => 7,
  'extra' => 'Using filesort',
) ]
[ warn ] SQL:SELECT `id`,`pid`,`name`,`mca` FROM `vke_admin_menu` ORDER BY sorts,id  desc [Using filesort]
[ warn ] SQL:SELECT `id`,`pid`,`name`,`mca`,`icon`,`url` FROM `vke_admin_menu` ORDER BY sorts,id  desc [Using filesort]
---------------------------------------------------------------
[ 2017-12-01T17:25:07+08:00 ] 192.168.1.101 192.168.1.101 POST /manager/Menu/index
[ info ] 192.168.1.101/manager/Menu/index [运行时间：0.158203s][吞吐率：6.32req/s] [内存消耗：2,310.37kb] [文件加载：54]
[ info ] [ LANG ] E:\phpStudy\PHPTutorial\WWW\vke\thinkphp\lang\zh-cn.php
[ info ] [ ROUTE ] array (
  'type' => 'module',
  'module' => 
  array (
    0 => 'admin',
    1 => 'Menu',
    2 => 'index',
  ),
  'convert' => false,
)
[ info ] [ HEADER ] array (
  'connection' => 'close',
  'x-lantern-version' => '4.4.0',
  'referer' => 'http://apizza.cc/console/project/d67b3bbfad5baf93306649b831422a32/dev',
  'proxy-connection' => 'keep-alive',
  'origin' => 'http://apizza.cc',
  'cookie' => 'multitransbubbletip=false; SULang=zh%2CCN; themename=vista; multitrans=0; PHPSESSID=n7nkbib93pv51gbi2bnv85nlk7',
  'content-type' => 'multipart/form-data; boundary=----WebKitFormBoundaryvruPd0XyEAx95kLy',
  'accept-language' => 'zh-CN,zh;q=0.8',
  'accept-encoding' => 'gzip, deflate',
  'accept' => '*/*',
  'content-length' => '44',
  'user-agent' => 'Mozilla/5.0 (Windows NT 6.1; Win64; x64) AppleWebKit/537.36 (KHTML, like Gecko) Chrome/60.0.3112.113 Safari/537.36',
  'host' => '192.168.1.101',
)
[ info ] [ PARAM ] array (
  '/manager/Menu/index' => '',
  'c' => 'Menu',
  'a' => 'index',
)
[ info ] [ DB ] INIT mysql
[ info ] [ SESSION ] INIT array (
  'id' => '',
  'var_session_id' => '',
  'prefix' => 'think',
  'type' => '',
  'auto_start' => true,
)
[ info ] [ RUN ] app\admin\controller\Menu->index[ E:\phpStudy\PHPTutorial\WWW\vke\application\admin\controller\Menu.php ]
[ info ] [ LOG ] INIT File
[ sql ] [ DB ] CONNECT:[ UseTime:0.000977s ] mysql:host=127.0.0.1;dbname=vke;charset=utf8
[ sql ] [ SQL ] SHOW COLUMNS FROM `vke_admin_menu` [ RunTime:0.031250s ]
[ sql ] [ SQL ] SELECT `id`,`pid`,`name`,`mca` FROM `vke_admin_menu` ORDER BY sorts,id  desc [ RunTime:0.000000s ]
[ sql ] [ EXPLAIN : array (
  'id' => 1,
  'select_type' => 'SIMPLE',
  'table' => 'vke_admin_menu',
  'type' => 'ALL',
  'possible_keys' => NULL,
  'key' => NULL,
  'key_len' => NULL,
  'ref' => NULL,
  'rows' => 7,
  'extra' => 'Using filesort',
) ]
[ sql ] [ SQL ] SHOW COLUMNS FROM `vke_auth_group_access` [ RunTime:0.038086s ]
[ sql ] [ SQL ] SELECT `uid`,`group_id`,`title`,`rules` FROM `vke_auth_group_access` `a` INNER JOIN `vke_auth_group` `g` ON `a`.`group_id`=`g`.`id` WHERE  `a`.`uid` = 1  AND `g`.`status` = '1' [ RunTime:0.000000s ]
[ sql ] [ EXPLAIN : array (
  'id' => 1,
  'select_type' => 'SIMPLE',
  'table' => 'a',
  'type' => 'ref',
  'possible_keys' => 'uid_group_id,uid,group_id',
  'key' => 'uid_group_id',
  'key_len' => '4',
  'ref' => 'const',
  'rows' => 2,
  'extra' => 'Using index',
) ]
[ sql ] [ SQL ] SHOW COLUMNS FROM `vke_auth_rule` [ RunTime:0.032227s ]
[ sql ] [ SQL ] SELECT `condition`,`name` FROM `vke_auth_rule` WHERE  `id` IN (1,2,3,4,5,6,9,10,11,12,13,14,15,16,17,18,20,22,24,26,27,7,21,19)  AND `type` = 1  AND `status` = 1 [ RunTime:0.000000s ]
[ sql ] [ EXPLAIN : array (
  'id' => 1,
  'select_type' => 'SIMPLE',
  'table' => 'vke_auth_rule',
  'type' => 'ALL',
  'possible_keys' => 'PRIMARY',
  'key' => NULL,
  'key_len' => NULL,
  'ref' => NULL,
  'rows' => 26,
  'extra' => 'Using where',
) ]
[ sql ] [ SQL ] SELECT `id`,`pid`,`name`,`mca`,`icon`,`url` FROM `vke_admin_menu` ORDER BY sorts,id  desc [ RunTime:0.000000s ]
[ sql ] [ EXPLAIN : array (
  'id' => 1,
  'select_type' => 'SIMPLE',
  'table' => 'vke_admin_menu',
  'type' => 'ALL',
  'possible_keys' => NULL,
  'key' => NULL,
  'key_len' => NULL,
  'ref' => NULL,
  'rows' => 7,
  'extra' => 'Using filesort',
) ]
[ warn ] SQL:SELECT `id`,`pid`,`name`,`mca` FROM `vke_admin_menu` ORDER BY sorts,id  desc [Using filesort]
[ warn ] SQL:SELECT `id`,`pid`,`name`,`mca`,`icon`,`url` FROM `vke_admin_menu` ORDER BY sorts,id  desc [Using filesort]
---------------------------------------------------------------
[ 2017-12-01T17:25:21+08:00 ] 192.168.1.101 192.168.1.101 POST /manager/Menu/index
[ info ] 192.168.1.101/manager/Menu/index [运行时间：0.142578s][吞吐率：7.01req/s] [内存消耗：2,310.80kb] [文件加载：54]
[ info ] [ LANG ] E:\phpStudy\PHPTutorial\WWW\vke\thinkphp\lang\zh-cn.php
[ info ] [ ROUTE ] array (
  'type' => 'module',
  'module' => 
  array (
    0 => 'admin',
    1 => 'Menu',
    2 => 'index',
  ),
  'convert' => false,
)
[ info ] [ HEADER ] array (
  'connection' => 'close',
  'x-lantern-version' => '4.4.0',
  'referer' => 'http://apizza.cc/console/project/d67b3bbfad5baf93306649b831422a32/dev',
  'proxy-connection' => 'keep-alive',
  'origin' => 'http://apizza.cc',
  'cookie' => 'multitransbubbletip=false; SULang=zh%2CCN; themename=vista; multitrans=0; PHPSESSID=n7nkbib93pv51gbi2bnv85nlk7',
  'content-type' => 'multipart/form-data; boundary=----WebKitFormBoundaryfJgX3UJw8cwsbkM0',
  'accept-language' => 'zh-CN,zh;q=0.8',
  'accept-encoding' => 'gzip, deflate',
  'accept' => '*/*',
  'content-length' => '44',
  'user-agent' => 'Mozilla/5.0 (Windows NT 6.1; Win64; x64) AppleWebKit/537.36 (KHTML, like Gecko) Chrome/60.0.3112.113 Safari/537.36',
  'host' => '192.168.1.101',
)
[ info ] [ PARAM ] array (
  '/manager/Menu/index' => '',
  'c' => 'Menu',
  'a' => 'index',
)
[ info ] [ DB ] INIT mysql
[ info ] [ SESSION ] INIT array (
  'id' => '',
  'var_session_id' => '',
  'prefix' => 'think',
  'type' => '',
  'auto_start' => true,
)
[ info ] [ RUN ] app\admin\controller\Menu->index[ E:\phpStudy\PHPTutorial\WWW\vke\application\admin\controller\Menu.php ]
[ info ] [ LOG ] INIT File
[ sql ] [ DB ] CONNECT:[ UseTime:0.000977s ] mysql:host=127.0.0.1;dbname=vke;charset=utf8
[ sql ] [ SQL ] SHOW COLUMNS FROM `vke_admin_menu` [ RunTime:0.031250s ]
[ sql ] [ SQL ] SELECT `id`,`pid`,`name`,`mca` FROM `vke_admin_menu` ORDER BY sorts,id  desc [ RunTime:0.000977s ]
[ sql ] [ EXPLAIN : array (
  'id' => 1,
  'select_type' => 'SIMPLE',
  'table' => 'vke_admin_menu',
  'type' => 'ALL',
  'possible_keys' => NULL,
  'key' => NULL,
  'key_len' => NULL,
  'ref' => NULL,
  'rows' => 7,
  'extra' => 'Using filesort',
) ]
[ sql ] [ SQL ] SHOW COLUMNS FROM `vke_auth_group_access` [ RunTime:0.017578s ]
[ sql ] [ SQL ] SELECT `uid`,`group_id`,`title`,`rules` FROM `vke_auth_group_access` `a` INNER JOIN `vke_auth_group` `g` ON `a`.`group_id`=`g`.`id` WHERE  `a`.`uid` = 1  AND `g`.`status` = '1' [ RunTime:0.000977s ]
[ sql ] [ EXPLAIN : array (
  'id' => 1,
  'select_type' => 'SIMPLE',
  'table' => 'a',
  'type' => 'ref',
  'possible_keys' => 'uid_group_id,uid,group_id',
  'key' => 'uid_group_id',
  'key_len' => '4',
  'ref' => 'const',
  'rows' => 2,
  'extra' => 'Using index',
) ]
[ sql ] [ SQL ] SHOW COLUMNS FROM `vke_auth_rule` [ RunTime:0.035157s ]
[ sql ] [ SQL ] SELECT `condition`,`name` FROM `vke_auth_rule` WHERE  `id` IN (1,2,3,4,5,6,9,10,11,12,13,14,15,16,17,18,20,22,24,26,27,7,21,19,28)  AND `type` = 1  AND `status` = 1 [ RunTime:0.000977s ]
[ sql ] [ EXPLAIN : array (
  'id' => 1,
  'select_type' => 'SIMPLE',
  'table' => 'vke_auth_rule',
  'type' => 'ALL',
  'possible_keys' => 'PRIMARY',
  'key' => NULL,
  'key_len' => NULL,
  'ref' => NULL,
  'rows' => 26,
  'extra' => 'Using where',
) ]
[ sql ] [ SQL ] SELECT `id`,`pid`,`name`,`mca`,`icon`,`url` FROM `vke_admin_menu` ORDER BY sorts,id  desc [ RunTime:0.000000s ]
[ sql ] [ EXPLAIN : array (
  'id' => 1,
  'select_type' => 'SIMPLE',
  'table' => 'vke_admin_menu',
  'type' => 'ALL',
  'possible_keys' => NULL,
  'key' => NULL,
  'key_len' => NULL,
  'ref' => NULL,
  'rows' => 7,
  'extra' => 'Using filesort',
) ]
[ warn ] SQL:SELECT `id`,`pid`,`name`,`mca` FROM `vke_admin_menu` ORDER BY sorts,id  desc [Using filesort]
[ warn ] SQL:SELECT `id`,`pid`,`name`,`mca`,`icon`,`url` FROM `vke_admin_menu` ORDER BY sorts,id  desc [Using filesort]
---------------------------------------------------------------
[ 2017-12-01T17:26:20+08:00 ] 192.168.1.101 192.168.1.104 GET /manager/Rule/addAdmin
[ info ] 192.168.1.101/manager/Rule/addAdmin [运行时间：0.180664s][吞吐率：5.54req/s] [内存消耗：2,330.60kb] [文件加载：52]
[ info ] [ LANG ] E:\phpStudy\PHPTutorial\WWW\vke\thinkphp\lang\zh-cn.php
[ info ] [ ROUTE ] array (
  'type' => 'module',
  'module' => 
  array (
    0 => 'admin',
    1 => 'Rule',
    2 => 'addAdmin',
  ),
  'convert' => false,
)
[ info ] [ HEADER ] array (
  'host' => '192.168.1.101',
  'connection' => 'close',
  'accept' => 'application/json, text/plain, */*',
  'user-agent' => 'Mozilla/5.0 (Windows NT 6.1; WOW64) AppleWebKit/537.36 (KHTML, like Gecko) Chrome/61.0.3163.91 Safari/537.36',
  'referer' => 'http://localhost:8080/',
  'accept-encoding' => 'gzip, deflate, br',
  'accept-language' => 'zh-CN,zh;q=0.8',
  'cookie' => 'Webstorm-3b4604bb=022db025-e5e3-4ca8-83cd-936fa8f71a05; PHPSESSID=e6v38nnelvo4bhn2sovbqj16u0; autologin=a%3A2%3A%7Bs%3A8%3A%22username%22%3Bs%3A6%3A%22admin2%22%3Bs%3A8%3A%22password%22%3Bs%3A6%3A%22123456%22%3B%7D',
)
[ info ] [ PARAM ] array (
  '/manager/Rule/addAdmin' => '',
  'c' => 'Rule',
  'a' => 'addAdmin',
)
[ info ] [ DB ] INIT mysql
[ info ] [ SESSION ] INIT array (
  'id' => '',
  'var_session_id' => '',
  'prefix' => 'think',
  'type' => '',
  'auto_start' => true,
)
[ info ] [ RUN ] app\admin\controller\Rule->addAdmin[ E:\phpStudy\PHPTutorial\WWW\vke\application\admin\controller\Rule.php ]
[ info ] [ LOG ] INIT File
[ sql ] [ DB ] CONNECT:[ UseTime:0.000976s ] mysql:host=127.0.0.1;dbname=vke;charset=utf8
[ sql ] [ SQL ] SHOW COLUMNS FROM `vke_admin_menu` [ RunTime:0.030274s ]
[ sql ] [ SQL ] SELECT `id`,`pid`,`name`,`mca` FROM `vke_admin_menu` ORDER BY sorts,id  desc [ RunTime:0.000976s ]
[ sql ] [ EXPLAIN : array (
  'id' => 1,
  'select_type' => 'SIMPLE',
  'table' => 'vke_admin_menu',
  'type' => 'ALL',
  'possible_keys' => NULL,
  'key' => NULL,
  'key_len' => NULL,
  'ref' => NULL,
  'rows' => 7,
  'extra' => 'Using filesort',
) ]
[ sql ] [ SQL ] SHOW COLUMNS FROM `vke_auth_group_access` [ RunTime:0.029297s ]
[ sql ] [ SQL ] SELECT `uid`,`group_id`,`title`,`rules` FROM `vke_auth_group_access` `a` INNER JOIN `vke_auth_group` `g` ON `a`.`group_id`=`g`.`id` WHERE  `a`.`uid` = 1  AND `g`.`status` = '1' [ RunTime:0.000000s ]
[ sql ] [ EXPLAIN : array (
  'id' => 1,
  'select_type' => 'SIMPLE',
  'table' => 'a',
  'type' => 'ref',
  'possible_keys' => 'uid_group_id,uid,group_id',
  'key' => 'uid_group_id',
  'key_len' => '4',
  'ref' => 'const',
  'rows' => 2,
  'extra' => 'Using index',
) ]
[ sql ] [ SQL ] SHOW COLUMNS FROM `vke_auth_rule` [ RunTime:0.031250s ]
[ sql ] [ SQL ] SELECT `condition`,`name` FROM `vke_auth_rule` WHERE  `id` IN (1,2,3,4,5,6,9,10,11,12,13,14,15,16,17,18,20,22,24,26,27,7,21,19,28)  AND `type` = 1  AND `status` = 1 [ RunTime:0.000000s ]
[ sql ] [ EXPLAIN : array (
  'id' => 1,
  'select_type' => 'SIMPLE',
  'table' => 'vke_auth_rule',
  'type' => 'ALL',
  'possible_keys' => 'PRIMARY',
  'key' => NULL,
  'key_len' => NULL,
  'ref' => NULL,
  'rows' => 26,
  'extra' => 'Using where',
) ]
[ sql ] [ SQL ] SHOW COLUMNS FROM `vke_auth_group` [ RunTime:0.030274s ]
[ sql ] [ SQL ] SELECT `id`,`title` FROM `vke_auth_group` WHERE  `status` = 1 ORDER BY `id`  asc [ RunTime:0.000000s ]
[ sql ] [ EXPLAIN : array (
  'id' => 1,
  'select_type' => 'SIMPLE',
  'table' => 'vke_auth_group',
  'type' => 'ALL',
  'possible_keys' => NULL,
  'key' => NULL,
  'key_len' => NULL,
  'ref' => NULL,
  'rows' => 8,
  'extra' => 'Using where; Using filesort',
) ]
[ warn ] SQL:SELECT `id`,`pid`,`name`,`mca` FROM `vke_admin_menu` ORDER BY sorts,id  desc [Using filesort]
[ warn ] SQL:SELECT `id`,`title` FROM `vke_auth_group` WHERE  `status` = :where_status ORDER BY `id`  asc [Using where; Using filesort]
---------------------------------------------------------------
[ 2017-12-01T17:26:22+08:00 ] 192.168.1.101 192.168.1.104 POST /manager/Menu/index
[ info ] 192.168.1.101/manager/Menu/index [运行时间：0.146484s][吞吐率：6.83req/s] [内存消耗：2,309.56kb] [文件加载：54]
[ info ] [ LANG ] E:\phpStudy\PHPTutorial\WWW\vke\thinkphp\lang\zh-cn.php
[ info ] [ ROUTE ] array (
  'type' => 'module',
  'module' => 
  array (
    0 => 'admin',
    1 => 'Menu',
    2 => 'index',
  ),
  'convert' => false,
)
[ info ] [ HEADER ] array (
  'host' => '192.168.1.101',
  'connection' => 'close',
  'content-length' => '0',
  'accept' => 'application/json, text/plain, */*',
  'origin' => 'http://localhost:8080',
  'user-agent' => 'Mozilla/5.0 (Windows NT 6.1; WOW64) AppleWebKit/537.36 (KHTML, like Gecko) Chrome/61.0.3163.91 Safari/537.36',
  'referer' => 'http://localhost:8080/',
  'accept-encoding' => 'gzip, deflate, br',
  'accept-language' => 'zh-CN,zh;q=0.8',
  'cookie' => 'Webstorm-3b4604bb=022db025-e5e3-4ca8-83cd-936fa8f71a05; PHPSESSID=e6v38nnelvo4bhn2sovbqj16u0; autologin=a%3A2%3A%7Bs%3A8%3A%22username%22%3Bs%3A6%3A%22admin2%22%3Bs%3A8%3A%22password%22%3Bs%3A6%3A%22123456%22%3B%7D',
)
[ info ] [ PARAM ] array (
  '/manager/Menu/index' => '',
  'c' => 'Menu',
  'a' => 'index',
)
[ info ] [ DB ] INIT mysql
[ info ] [ SESSION ] INIT array (
  'id' => '',
  'var_session_id' => '',
  'prefix' => 'think',
  'type' => '',
  'auto_start' => true,
)
[ info ] [ RUN ] app\admin\controller\Menu->index[ E:\phpStudy\PHPTutorial\WWW\vke\application\admin\controller\Menu.php ]
[ info ] [ LOG ] INIT File
[ sql ] [ DB ] CONNECT:[ UseTime:0.000977s ] mysql:host=127.0.0.1;dbname=vke;charset=utf8
[ sql ] [ SQL ] SHOW COLUMNS FROM `vke_admin_menu` [ RunTime:0.028320s ]
[ sql ] [ SQL ] SELECT `id`,`pid`,`name`,`mca` FROM `vke_admin_menu` ORDER BY sorts,id  desc [ RunTime:0.000000s ]
[ sql ] [ EXPLAIN : array (
  'id' => 1,
  'select_type' => 'SIMPLE',
  'table' => 'vke_admin_menu',
  'type' => 'ALL',
  'possible_keys' => NULL,
  'key' => NULL,
  'key_len' => NULL,
  'ref' => NULL,
  'rows' => 7,
  'extra' => 'Using filesort',
) ]
[ sql ] [ SQL ] SHOW COLUMNS FROM `vke_auth_group_access` [ RunTime:0.035156s ]
[ sql ] [ SQL ] SELECT `uid`,`group_id`,`title`,`rules` FROM `vke_auth_group_access` `a` INNER JOIN `vke_auth_group` `g` ON `a`.`group_id`=`g`.`id` WHERE  `a`.`uid` = 1  AND `g`.`status` = '1' [ RunTime:0.000977s ]
[ sql ] [ EXPLAIN : array (
  'id' => 1,
  'select_type' => 'SIMPLE',
  'table' => 'a',
  'type' => 'ref',
  'possible_keys' => 'uid_group_id,uid,group_id',
  'key' => 'uid_group_id',
  'key_len' => '4',
  'ref' => 'const',
  'rows' => 2,
  'extra' => 'Using index',
) ]
[ sql ] [ SQL ] SHOW COLUMNS FROM `vke_auth_rule` [ RunTime:0.028320s ]
[ sql ] [ SQL ] SELECT `condition`,`name` FROM `vke_auth_rule` WHERE  `id` IN (1,2,3,4,5,6,9,10,11,12,13,14,15,16,17,18,20,22,24,26,27,7,21,19,28)  AND `type` = 1  AND `status` = 1 [ RunTime:0.000000s ]
[ sql ] [ EXPLAIN : array (
  'id' => 1,
  'select_type' => 'SIMPLE',
  'table' => 'vke_auth_rule',
  'type' => 'ALL',
  'possible_keys' => 'PRIMARY',
  'key' => NULL,
  'key_len' => NULL,
  'ref' => NULL,
  'rows' => 26,
  'extra' => 'Using where',
) ]
[ sql ] [ SQL ] SELECT `id`,`pid`,`name`,`mca`,`icon`,`url` FROM `vke_admin_menu` ORDER BY sorts,id  desc [ RunTime:0.000000s ]
[ sql ] [ EXPLAIN : array (
  'id' => 1,
  'select_type' => 'SIMPLE',
  'table' => 'vke_admin_menu',
  'type' => 'ALL',
  'possible_keys' => NULL,
  'key' => NULL,
  'key_len' => NULL,
  'ref' => NULL,
  'rows' => 7,
  'extra' => 'Using filesort',
) ]
[ warn ] SQL:SELECT `id`,`pid`,`name`,`mca` FROM `vke_admin_menu` ORDER BY sorts,id  desc [Using filesort]
[ warn ] SQL:SELECT `id`,`pid`,`name`,`mca`,`icon`,`url` FROM `vke_admin_menu` ORDER BY sorts,id  desc [Using filesort]
---------------------------------------------------------------
[ 2017-12-01T17:26:23+08:00 ] 192.168.1.101 192.168.1.104 GET /manager/Rule/userList
[ info ] 192.168.1.101/manager/Rule/userList [运行时间：0.234375s][吞吐率：4.27req/s] [内存消耗：2,472.46kb] [文件加载：57]
[ info ] [ LANG ] E:\phpStudy\PHPTutorial\WWW\vke\thinkphp\lang\zh-cn.php
[ info ] [ ROUTE ] array (
  'type' => 'module',
  'module' => 
  array (
    0 => 'admin',
    1 => 'Rule',
    2 => 'userList',
  ),
  'convert' => false,
)
[ info ] [ HEADER ] array (
  'host' => '192.168.1.101',
  'connection' => 'close',
  'accept' => 'application/json, text/plain, */*',
  'user-agent' => 'Mozilla/5.0 (Windows NT 6.1; WOW64) AppleWebKit/537.36 (KHTML, like Gecko) Chrome/61.0.3163.91 Safari/537.36',
  'referer' => 'http://localhost:8080/',
  'accept-encoding' => 'gzip, deflate, br',
  'accept-language' => 'zh-CN,zh;q=0.8',
  'cookie' => 'Webstorm-3b4604bb=022db025-e5e3-4ca8-83cd-936fa8f71a05; PHPSESSID=e6v38nnelvo4bhn2sovbqj16u0; autologin=a%3A2%3A%7Bs%3A8%3A%22username%22%3Bs%3A6%3A%22admin2%22%3Bs%3A8%3A%22password%22%3Bs%3A6%3A%22123456%22%3B%7D',
)
[ info ] [ PARAM ] array (
  '/manager/Rule/userList' => '',
  'c' => 'Rule',
  'a' => 'userList',
)
[ info ] [ DB ] INIT mysql
[ info ] [ SESSION ] INIT array (
  'id' => '',
  'var_session_id' => '',
  'prefix' => 'think',
  'type' => '',
  'auto_start' => true,
)
[ info ] [ RUN ] app\admin\controller\Rule->userList[ E:\phpStudy\PHPTutorial\WWW\vke\application\admin\controller\Rule.php ]
[ info ] [ LOG ] INIT File
[ sql ] [ DB ] CONNECT:[ UseTime:0.000977s ] mysql:host=127.0.0.1;dbname=vke;charset=utf8
[ sql ] [ SQL ] SHOW COLUMNS FROM `vke_admin_menu` [ RunTime:0.032226s ]
[ sql ] [ SQL ] SELECT `id`,`pid`,`name`,`mca` FROM `vke_admin_menu` ORDER BY sorts,id  desc [ RunTime:0.000000s ]
[ sql ] [ EXPLAIN : array (
  'id' => 1,
  'select_type' => 'SIMPLE',
  'table' => 'vke_admin_menu',
  'type' => 'ALL',
  'possible_keys' => NULL,
  'key' => NULL,
  'key_len' => NULL,
  'ref' => NULL,
  'rows' => 7,
  'extra' => 'Using filesort',
) ]
[ sql ] [ SQL ] SHOW COLUMNS FROM `vke_auth_group_access` [ RunTime:0.029296s ]
[ sql ] [ SQL ] SELECT `uid`,`group_id`,`title`,`rules` FROM `vke_auth_group_access` `a` INNER JOIN `vke_auth_group` `g` ON `a`.`group_id`=`g`.`id` WHERE  `a`.`uid` = 1  AND `g`.`status` = '1' [ RunTime:0.000000s ]
[ sql ] [ EXPLAIN : array (
  'id' => 1,
  'select_type' => 'SIMPLE',
  'table' => 'a',
  'type' => 'ref',
  'possible_keys' => 'uid_group_id,uid,group_id',
  'key' => 'uid_group_id',
  'key_len' => '4',
  'ref' => 'const',
  'rows' => 2,
  'extra' => 'Using index',
) ]
[ sql ] [ SQL ] SHOW COLUMNS FROM `vke_auth_rule` [ RunTime:0.029296s ]
[ sql ] [ SQL ] SELECT `condition`,`name` FROM `vke_auth_rule` WHERE  `id` IN (1,2,3,4,5,6,9,10,11,12,13,14,15,16,17,18,20,22,24,26,27,7,21,19,28)  AND `type` = 1  AND `status` = 1 [ RunTime:0.000000s ]
[ sql ] [ EXPLAIN : array (
  'id' => 1,
  'select_type' => 'SIMPLE',
  'table' => 'vke_auth_rule',
  'type' => 'ALL',
  'possible_keys' => 'PRIMARY',
  'key' => NULL,
  'key_len' => NULL,
  'ref' => NULL,
  'rows' => 26,
  'extra' => 'Using where',
) ]
[ sql ] [ SQL ] SHOW COLUMNS FROM `vke_admin_users` [ RunTime:0.030273s ]
[ sql ] [ SQL ] SELECT `id`,`username`,`telephone`,`last_login_time`,`last_login_ip`,`status` FROM `vke_admin_users` [ RunTime:0.000976s ]
[ sql ] [ EXPLAIN : array (
  'id' => 1,
  'select_type' => 'SIMPLE',
  'table' => 'vke_admin_users',
  'type' => 'ALL',
  'possible_keys' => NULL,
  'key' => NULL,
  'key_len' => NULL,
  'ref' => NULL,
  'rows' => 17,
  'extra' => '',
) ]
[ sql ] [ SQL ] SELECT `group_id` FROM `vke_auth_group_access` WHERE  `uid` = 1 [ RunTime:0.000000s ]
[ sql ] [ EXPLAIN : array (
  'id' => 1,
  'select_type' => 'SIMPLE',
  'table' => 'vke_auth_group_access',
  'type' => 'ref',
  'possible_keys' => 'uid_group_id,uid',
  'key' => 'uid_group_id',
  'key_len' => '4',
  'ref' => 'const',
  'rows' => 2,
  'extra' => 'Using index',
) ]
[ sql ] [ SQL ] SHOW COLUMNS FROM `vke_auth_group` [ RunTime:0.030273s ]
[ sql ] [ SQL ] SELECT `title` FROM `vke_auth_group` WHERE  `id` IN (1,2) [ RunTime:0.000977s ]
[ sql ] [ EXPLAIN : array (
  'id' => 1,
  'select_type' => 'SIMPLE',
  'table' => 'vke_auth_group',
  'type' => 'range',
  'possible_keys' => 'PRIMARY',
  'key' => 'PRIMARY',
  'key_len' => '4',
  'ref' => NULL,
  'rows' => 2,
  'extra' => 'Using where',
) ]
[ sql ] [ SQL ] SELECT `group_id` FROM `vke_auth_group_access` WHERE  `uid` = 3 [ RunTime:0.000000s ]
[ sql ] [ EXPLAIN : array (
  'id' => 1,
  'select_type' => 'SIMPLE',
  'table' => 'vke_auth_group_access',
  'type' => 'ref',
  'possible_keys' => 'uid_group_id,uid',
  'key' => 'uid_group_id',
  'key_len' => '4',
  'ref' => 'const',
  'rows' => 1,
  'extra' => 'Using index',
) ]
[ sql ] [ SQL ] SELECT `title` FROM `vke_auth_group` WHERE  `id` IN ('') [ RunTime:0.000000s ]
[ sql ] [ EXPLAIN : array (
  'id' => 1,
  'select_type' => 'SIMPLE',
  'table' => NULL,
  'type' => NULL,
  'possible_keys' => NULL,
  'key' => NULL,
  'key_len' => NULL,
  'ref' => NULL,
  'rows' => NULL,
  'extra' => 'Impossible WHERE noticed after reading const tables',
) ]
[ sql ] [ SQL ] SELECT `group_id` FROM `vke_auth_group_access` WHERE  `uid` = 4 [ RunTime:0.000000s ]
[ sql ] [ EXPLAIN : array (
  'id' => 1,
  'select_type' => 'SIMPLE',
  'table' => 'vke_auth_group_access',
  'type' => 'ref',
  'possible_keys' => 'uid_group_id,uid',
  'key' => 'uid_group_id',
  'key_len' => '4',
  'ref' => 'const',
  'rows' => 1,
  'extra' => 'Using index',
) ]
[ sql ] [ SQL ] SELECT `title` FROM `vke_auth_group` WHERE  `id` IN (1) [ RunTime:0.000977s ]
[ sql ] [ EXPLAIN : array (
  'id' => 1,
  'select_type' => 'SIMPLE',
  'table' => 'vke_auth_group',
  'type' => 'const',
  'possible_keys' => 'PRIMARY',
  'key' => 'PRIMARY',
  'key_len' => '4',
  'ref' => 'const',
  'rows' => 1,
  'extra' => '',
) ]
[ sql ] [ SQL ] SELECT `group_id` FROM `vke_auth_group_access` WHERE  `uid` = 6 [ RunTime:0.000000s ]
[ sql ] [ EXPLAIN : array (
  'id' => 1,
  'select_type' => 'SIMPLE',
  'table' => 'vke_auth_group_access',
  'type' => 'ref',
  'possible_keys' => 'uid_group_id,uid',
  'key' => 'uid_group_id',
  'key_len' => '4',
  'ref' => 'const',
  'rows' => 1,
  'extra' => 'Using index',
) ]
[ sql ] [ SQL ] SELECT `title` FROM `vke_auth_group` WHERE  `id` IN (1) [ RunTime:0.000000s ]
[ sql ] [ EXPLAIN : array (
  'id' => 1,
  'select_type' => 'SIMPLE',
  'table' => 'vke_auth_group',
  'type' => 'const',
  'possible_keys' => 'PRIMARY',
  'key' => 'PRIMARY',
  'key_len' => '4',
  'ref' => 'const',
  'rows' => 1,
  'extra' => '',
) ]
[ sql ] [ SQL ] SELECT `group_id` FROM `vke_auth_group_access` WHERE  `uid` = 7 [ RunTime:0.000000s ]
[ sql ] [ EXPLAIN : array (
  'id' => 1,
  'select_type' => 'SIMPLE',
  'table' => 'vke_auth_group_access',
  'type' => 'ref',
  'possible_keys' => 'uid_group_id,uid',
  'key' => 'uid_group_id',
  'key_len' => '4',
  'ref' => 'const',
  'rows' => 2,
  'extra' => 'Using index',
) ]
[ sql ] [ SQL ] SELECT `title` FROM `vke_auth_group` WHERE  `id` IN (1,2) [ RunTime:0.000976s ]
[ sql ] [ EXPLAIN : array (
  'id' => 1,
  'select_type' => 'SIMPLE',
  'table' => 'vke_auth_group',
  'type' => 'range',
  'possible_keys' => 'PRIMARY',
  'key' => 'PRIMARY',
  'key_len' => '4',
  'ref' => NULL,
  'rows' => 2,
  'extra' => 'Using where',
) ]
[ sql ] [ SQL ] SELECT `group_id` FROM `vke_auth_group_access` WHERE  `uid` = 8 [ RunTime:0.000000s ]
[ sql ] [ EXPLAIN : array (
  'id' => 1,
  'select_type' => 'SIMPLE',
  'table' => 'vke_auth_group_access',
  'type' => 'ref',
  'possible_keys' => 'uid_group_id,uid',
  'key' => 'uid_group_id',
  'key_len' => '4',
  'ref' => 'const',
  'rows' => 1,
  'extra' => 'Using index',
) ]
[ sql ] [ SQL ] SELECT `title` FROM `vke_auth_group` WHERE  `id` IN (1) [ RunTime:0.000000s ]
[ sql ] [ EXPLAIN : array (
  'id' => 1,
  'select_type' => 'SIMPLE',
  'table' => 'vke_auth_group',
  'type' => 'const',
  'possible_keys' => 'PRIMARY',
  'key' => 'PRIMARY',
  'key_len' => '4',
  'ref' => 'const',
  'rows' => 1,
  'extra' => '',
) ]
[ sql ] [ SQL ] SELECT `group_id` FROM `vke_auth_group_access` WHERE  `uid` = 9 [ RunTime:0.000000s ]
[ sql ] [ EXPLAIN : array (
  'id' => 1,
  'select_type' => 'SIMPLE',
  'table' => 'vke_auth_group_access',
  'type' => 'ref',
  'possible_keys' => 'uid_group_id,uid',
  'key' => 'uid_group_id',
  'key_len' => '4',
  'ref' => 'const',
  'rows' => 1,
  'extra' => 'Using index',
) ]
[ sql ] [ SQL ] SELECT `title` FROM `vke_auth_group` WHERE  `id` IN (1) [ RunTime:0.000977s ]
[ sql ] [ EXPLAIN : array (
  'id' => 1,
  'select_type' => 'SIMPLE',
  'table' => 'vke_auth_group',
  'type' => 'const',
  'possible_keys' => 'PRIMARY',
  'key' => 'PRIMARY',
  'key_len' => '4',
  'ref' => 'const',
  'rows' => 1,
  'extra' => '',
) ]
[ sql ] [ SQL ] SELECT `group_id` FROM `vke_auth_group_access` WHERE  `uid` = 10 [ RunTime:0.000000s ]
[ sql ] [ EXPLAIN : array (
  'id' => 1,
  'select_type' => 'SIMPLE',
  'table' => 'vke_auth_group_access',
  'type' => 'ref',
  'possible_keys' => 'uid_group_id,uid',
  'key' => 'uid_group_id',
  'key_len' => '4',
  'ref' => 'const',
  'rows' => 1,
  'extra' => 'Using index',
) ]
[ sql ] [ SQL ] SELECT `title` FROM `vke_auth_group` WHERE  `id` IN (1) [ RunTime:0.000000s ]
[ sql ] [ EXPLAIN : array (
  'id' => 1,
  'select_type' => 'SIMPLE',
  'table' => 'vke_auth_group',
  'type' => 'const',
  'possible_keys' => 'PRIMARY',
  'key' => 'PRIMARY',
  'key_len' => '4',
  'ref' => 'const',
  'rows' => 1,
  'extra' => '',
) ]
[ sql ] [ SQL ] SELECT `group_id` FROM `vke_auth_group_access` WHERE  `uid` = 19 [ RunTime:0.000000s ]
[ sql ] [ EXPLAIN : array (
  'id' => 1,
  'select_type' => 'SIMPLE',
  'table' => 'vke_auth_group_access',
  'type' => 'ref',
  'possible_keys' => 'uid_group_id,uid',
  'key' => 'uid_group_id',
  'key_len' => '4',
  'ref' => 'const',
  'rows' => 1,
  'extra' => 'Using index',
) ]
[ sql ] [ SQL ] SELECT `title` FROM `vke_auth_group` WHERE  `id` IN (1) [ RunTime:0.000977s ]
[ sql ] [ EXPLAIN : array (
  'id' => 1,
  'select_type' => 'SIMPLE',
  'table' => 'vke_auth_group',
  'type' => 'const',
  'possible_keys' => 'PRIMARY',
  'key' => 'PRIMARY',
  'key_len' => '4',
  'ref' => 'const',
  'rows' => 1,
  'extra' => '',
) ]
[ sql ] [ SQL ] SELECT `group_id` FROM `vke_auth_group_access` WHERE  `uid` = 11 [ RunTime:0.000000s ]
[ sql ] [ EXPLAIN : array (
  'id' => 1,
  'select_type' => 'SIMPLE',
  'table' => 'vke_auth_group_access',
  'type' => 'ref',
  'possible_keys' => 'uid_group_id,uid',
  'key' => 'uid_group_id',
  'key_len' => '4',
  'ref' => 'const',
  'rows' => 1,
  'extra' => 'Using index',
) ]
[ sql ] [ SQL ] SELECT `title` FROM `vke_auth_group` WHERE  `id` IN (0,1) [ RunTime:0.000000s ]
[ sql ] [ EXPLAIN : array (
  'id' => 1,
  'select_type' => 'SIMPLE',
  'table' => 'vke_auth_group',
  'type' => 'range',
  'possible_keys' => 'PRIMARY',
  'key' => 'PRIMARY',
  'key_len' => '4',
  'ref' => NULL,
  'rows' => 2,
  'extra' => 'Using where',
) ]
[ sql ] [ SQL ] SELECT `group_id` FROM `vke_auth_group_access` WHERE  `uid` = 12 [ RunTime:0.000000s ]
[ sql ] [ EXPLAIN : array (
  'id' => 1,
  'select_type' => 'SIMPLE',
  'table' => 'vke_auth_group_access',
  'type' => 'ref',
  'possible_keys' => 'uid_group_id,uid',
  'key' => 'uid_group_id',
  'key_len' => '4',
  'ref' => 'const',
  'rows' => 2,
  'extra' => 'Using index',
) ]
[ sql ] [ SQL ] SELECT `title` FROM `vke_auth_group` WHERE  `id` IN (0,1) [ RunTime:0.000976s ]
[ sql ] [ EXPLAIN : array (
  'id' => 1,
  'select_type' => 'SIMPLE',
  'table' => 'vke_auth_group',
  'type' => 'range',
  'possible_keys' => 'PRIMARY',
  'key' => 'PRIMARY',
  'key_len' => '4',
  'ref' => NULL,
  'rows' => 2,
  'extra' => 'Using where',
) ]
[ sql ] [ SQL ] SELECT `group_id` FROM `vke_auth_group_access` WHERE  `uid` = 13 [ RunTime:0.000000s ]
[ sql ] [ EXPLAIN : array (
  'id' => 1,
  'select_type' => 'SIMPLE',
  'table' => 'vke_auth_group_access',
  'type' => 'ref',
  'possible_keys' => 'uid_group_id,uid',
  'key' => 'uid_group_id',
  'key_len' => '4',
  'ref' => 'const',
  'rows' => 2,
  'extra' => 'Using index',
) ]
[ sql ] [ SQL ] SELECT `title` FROM `vke_auth_group` WHERE  `id` IN (1,2) [ RunTime:0.000000s ]
[ sql ] [ EXPLAIN : array (
  'id' => 1,
  'select_type' => 'SIMPLE',
  'table' => 'vke_auth_group',
  'type' => 'range',
  'possible_keys' => 'PRIMARY',
  'key' => 'PRIMARY',
  'key_len' => '4',
  'ref' => NULL,
  'rows' => 2,
  'extra' => 'Using where',
) ]
[ sql ] [ SQL ] SELECT `group_id` FROM `vke_auth_group_access` WHERE  `uid` = 14 [ RunTime:0.000000s ]
[ sql ] [ EXPLAIN : array (
  'id' => 1,
  'select_type' => 'SIMPLE',
  'table' => 'vke_auth_group_access',
  'type' => 'ref',
  'possible_keys' => 'uid_group_id,uid',
  'key' => 'uid_group_id',
  'key_len' => '4',
  'ref' => 'const',
  'rows' => 2,
  'extra' => 'Using index',
) ]
[ sql ] [ SQL ] SELECT `title` FROM `vke_auth_group` WHERE  `id` IN (1,2) [ RunTime:0.000977s ]
[ sql ] [ EXPLAIN : array (
  'id' => 1,
  'select_type' => 'SIMPLE',
  'table' => 'vke_auth_group',
  'type' => 'range',
  'possible_keys' => 'PRIMARY',
  'key' => 'PRIMARY',
  'key_len' => '4',
  'ref' => NULL,
  'rows' => 2,
  'extra' => 'Using where',
) ]
[ sql ] [ SQL ] SELECT `group_id` FROM `vke_auth_group_access` WHERE  `uid` = 15 [ RunTime:0.000000s ]
[ sql ] [ EXPLAIN : array (
  'id' => 1,
  'select_type' => 'SIMPLE',
  'table' => 'vke_auth_group_access',
  'type' => 'ref',
  'possible_keys' => 'uid_group_id,uid',
  'key' => 'uid_group_id',
  'key_len' => '4',
  'ref' => 'const',
  'rows' => 1,
  'extra' => 'Using index',
) ]
[ sql ] [ SQL ] SELECT `title` FROM `vke_auth_group` WHERE  `id` IN (2) [ RunTime:0.000976s ]
[ sql ] [ EXPLAIN : array (
  'id' => 1,
  'select_type' => 'SIMPLE',
  'table' => 'vke_auth_group',
  'type' => 'const',
  'possible_keys' => 'PRIMARY',
  'key' => 'PRIMARY',
  'key_len' => '4',
  'ref' => 'const',
  'rows' => 1,
  'extra' => '',
) ]
[ sql ] [ SQL ] SELECT `group_id` FROM `vke_auth_group_access` WHERE  `uid` = 16 [ RunTime:0.000977s ]
[ sql ] [ EXPLAIN : array (
  'id' => 1,
  'select_type' => 'SIMPLE',
  'table' => 'vke_auth_group_access',
  'type' => 'ref',
  'possible_keys' => 'uid_group_id,uid',
  'key' => 'uid_group_id',
  'key_len' => '4',
  'ref' => 'const',
  'rows' => 1,
  'extra' => 'Using index',
) ]
[ sql ] [ SQL ] SELECT `title` FROM `vke_auth_group` WHERE  `id` IN (4) [ RunTime:0.000000s ]
[ sql ] [ EXPLAIN : array (
  'id' => 1,
  'select_type' => 'SIMPLE',
  'table' => 'vke_auth_group',
  'type' => 'const',
  'possible_keys' => 'PRIMARY',
  'key' => 'PRIMARY',
  'key_len' => '4',
  'ref' => 'const',
  'rows' => 1,
  'extra' => '',
) ]
[ sql ] [ SQL ] SELECT `group_id` FROM `vke_auth_group_access` WHERE  `uid` = 17 [ RunTime:0.000000s ]
[ sql ] [ EXPLAIN : array (
  'id' => 1,
  'select_type' => 'SIMPLE',
  'table' => 'vke_auth_group_access',
  'type' => 'ref',
  'possible_keys' => 'uid_group_id,uid',
  'key' => 'uid_group_id',
  'key_len' => '4',
  'ref' => 'const',
  'rows' => 1,
  'extra' => 'Using index',
) ]
[ sql ] [ SQL ] SELECT `title` FROM `vke_auth_group` WHERE  `id` IN (4) [ RunTime:0.000000s ]
[ sql ] [ EXPLAIN : array (
  'id' => 1,
  'select_type' => 'SIMPLE',
  'table' => 'vke_auth_group',
  'type' => 'const',
  'possible_keys' => 'PRIMARY',
  'key' => 'PRIMARY',
  'key_len' => '4',
  'ref' => 'const',
  'rows' => 1,
  'extra' => '',
) ]
[ sql ] [ SQL ] SELECT `group_id` FROM `vke_auth_group_access` WHERE  `uid` = 18 [ RunTime:0.000976s ]
[ sql ] [ EXPLAIN : array (
  'id' => 1,
  'select_type' => 'SIMPLE',
  'table' => 'vke_auth_group_access',
  'type' => 'ref',
  'possible_keys' => 'uid_group_id,uid',
  'key' => 'uid_group_id',
  'key_len' => '4',
  'ref' => 'const',
  'rows' => 1,
  'extra' => 'Using index',
) ]
[ sql ] [ SQL ] SELECT `title` FROM `vke_auth_group` WHERE  `id` IN (1) [ RunTime:0.000000s ]
[ sql ] [ EXPLAIN : array (
  'id' => 1,
  'select_type' => 'SIMPLE',
  'table' => 'vke_auth_group',
  'type' => 'const',
  'possible_keys' => 'PRIMARY',
  'key' => 'PRIMARY',
  'key_len' => '4',
  'ref' => 'const',
  'rows' => 1,
  'extra' => '',
) ]
[ warn ] SQL:SELECT `id`,`pid`,`name`,`mca` FROM `vke_admin_menu` ORDER BY sorts,id  desc [Using filesort]
---------------------------------------------------------------
[ 2017-12-01T17:26:24+08:00 ] 192.168.1.101 192.168.1.104 GET /manager/Rule/addAdmin
[ info ] 192.168.1.101/manager/Rule/addAdmin [运行时间：0.182618s][吞吐率：5.48req/s] [内存消耗：2,330.57kb] [文件加载：52]
[ info ] [ LANG ] E:\phpStudy\PHPTutorial\WWW\vke\thinkphp\lang\zh-cn.php
[ info ] [ ROUTE ] array (
  'type' => 'module',
  'module' => 
  array (
    0 => 'admin',
    1 => 'Rule',
    2 => 'addAdmin',
  ),
  'convert' => false,
)
[ info ] [ HEADER ] array (
  'host' => '192.168.1.101',
  'connection' => 'close',
  'accept' => 'application/json, text/plain, */*',
  'user-agent' => 'Mozilla/5.0 (Windows NT 6.1; WOW64) AppleWebKit/537.36 (KHTML, like Gecko) Chrome/61.0.3163.91 Safari/537.36',
  'referer' => 'http://localhost:8080/',
  'accept-encoding' => 'gzip, deflate, br',
  'accept-language' => 'zh-CN,zh;q=0.8',
  'cookie' => 'Webstorm-3b4604bb=022db025-e5e3-4ca8-83cd-936fa8f71a05; PHPSESSID=e6v38nnelvo4bhn2sovbqj16u0; autologin=a%3A2%3A%7Bs%3A8%3A%22username%22%3Bs%3A6%3A%22admin2%22%3Bs%3A8%3A%22password%22%3Bs%3A6%3A%22123456%22%3B%7D',
)
[ info ] [ PARAM ] array (
  '/manager/Rule/addAdmin' => '',
  'c' => 'Rule',
  'a' => 'addAdmin',
)
[ info ] [ DB ] INIT mysql
[ info ] [ SESSION ] INIT array (
  'id' => '',
  'var_session_id' => '',
  'prefix' => 'think',
  'type' => '',
  'auto_start' => true,
)
[ info ] [ RUN ] app\admin\controller\Rule->addAdmin[ E:\phpStudy\PHPTutorial\WWW\vke\application\admin\controller\Rule.php ]
[ info ] [ LOG ] INIT File
[ sql ] [ DB ] CONNECT:[ UseTime:0.000977s ] mysql:host=127.0.0.1;dbname=vke;charset=utf8
[ sql ] [ SQL ] SHOW COLUMNS FROM `vke_admin_menu` [ RunTime:0.031250s ]
[ sql ] [ SQL ] SELECT `id`,`pid`,`name`,`mca` FROM `vke_admin_menu` ORDER BY sorts,id  desc [ RunTime:0.000977s ]
[ sql ] [ EXPLAIN : array (
  'id' => 1,
  'select_type' => 'SIMPLE',
  'table' => 'vke_admin_menu',
  'type' => 'ALL',
  'possible_keys' => NULL,
  'key' => NULL,
  'key_len' => NULL,
  'ref' => NULL,
  'rows' => 7,
  'extra' => 'Using filesort',
) ]
[ sql ] [ SQL ] SHOW COLUMNS FROM `vke_auth_group_access` [ RunTime:0.031250s ]
[ sql ] [ SQL ] SELECT `uid`,`group_id`,`title`,`rules` FROM `vke_auth_group_access` `a` INNER JOIN `vke_auth_group` `g` ON `a`.`group_id`=`g`.`id` WHERE  `a`.`uid` = 1  AND `g`.`status` = '1' [ RunTime:0.000000s ]
[ sql ] [ EXPLAIN : array (
  'id' => 1,
  'select_type' => 'SIMPLE',
  'table' => 'a',
  'type' => 'ref',
  'possible_keys' => 'uid_group_id,uid,group_id',
  'key' => 'uid_group_id',
  'key_len' => '4',
  'ref' => 'const',
  'rows' => 2,
  'extra' => 'Using index',
) ]
[ sql ] [ SQL ] SHOW COLUMNS FROM `vke_auth_rule` [ RunTime:0.029297s ]
[ sql ] [ SQL ] SELECT `condition`,`name` FROM `vke_auth_rule` WHERE  `id` IN (1,2,3,4,5,6,9,10,11,12,13,14,15,16,17,18,20,22,24,26,27,7,21,19,28)  AND `type` = 1  AND `status` = 1 [ RunTime:0.000976s ]
[ sql ] [ EXPLAIN : array (
  'id' => 1,
  'select_type' => 'SIMPLE',
  'table' => 'vke_auth_rule',
  'type' => 'ALL',
  'possible_keys' => 'PRIMARY',
  'key' => NULL,
  'key_len' => NULL,
  'ref' => NULL,
  'rows' => 26,
  'extra' => 'Using where',
) ]
[ sql ] [ SQL ] SHOW COLUMNS FROM `vke_auth_group` [ RunTime:0.031250s ]
[ sql ] [ SQL ] SELECT `id`,`title` FROM `vke_auth_group` WHERE  `status` = 1 ORDER BY `id`  asc [ RunTime:0.000977s ]
[ sql ] [ EXPLAIN : array (
  'id' => 1,
  'select_type' => 'SIMPLE',
  'table' => 'vke_auth_group',
  'type' => 'ALL',
  'possible_keys' => NULL,
  'key' => NULL,
  'key_len' => NULL,
  'ref' => NULL,
  'rows' => 8,
  'extra' => 'Using where; Using filesort',
) ]
[ warn ] SQL:SELECT `id`,`pid`,`name`,`mca` FROM `vke_admin_menu` ORDER BY sorts,id  desc [Using filesort]
[ warn ] SQL:SELECT `id`,`title` FROM `vke_auth_group` WHERE  `status` = :where_status ORDER BY `id`  asc [Using where; Using filesort]
---------------------------------------------------------------
[ 2017-12-01T17:26:33+08:00 ] 192.168.1.101 192.168.1.104 POST /manager/Menu/index
[ info ] 192.168.1.101/manager/Menu/index [运行时间：0.141602s][吞吐率：7.06req/s] [内存消耗：2,309.56kb] [文件加载：54]
[ info ] [ LANG ] E:\phpStudy\PHPTutorial\WWW\vke\thinkphp\lang\zh-cn.php
[ info ] [ ROUTE ] array (
  'type' => 'module',
  'module' => 
  array (
    0 => 'admin',
    1 => 'Menu',
    2 => 'index',
  ),
  'convert' => false,
)
[ info ] [ HEADER ] array (
  'host' => '192.168.1.101',
  'connection' => 'close',
  'content-length' => '0',
  'accept' => 'application/json, text/plain, */*',
  'origin' => 'http://localhost:8080',
  'user-agent' => 'Mozilla/5.0 (Windows NT 6.1; WOW64) AppleWebKit/537.36 (KHTML, like Gecko) Chrome/61.0.3163.91 Safari/537.36',
  'referer' => 'http://localhost:8080/',
  'accept-encoding' => 'gzip, deflate, br',
  'accept-language' => 'zh-CN,zh;q=0.8',
  'cookie' => 'Webstorm-3b4604bb=022db025-e5e3-4ca8-83cd-936fa8f71a05; PHPSESSID=e6v38nnelvo4bhn2sovbqj16u0; autologin=a%3A2%3A%7Bs%3A8%3A%22username%22%3Bs%3A6%3A%22admin2%22%3Bs%3A8%3A%22password%22%3Bs%3A6%3A%22123456%22%3B%7D',
)
[ info ] [ PARAM ] array (
  '/manager/Menu/index' => '',
  'c' => 'Menu',
  'a' => 'index',
)
[ info ] [ DB ] INIT mysql
[ info ] [ SESSION ] INIT array (
  'id' => '',
  'var_session_id' => '',
  'prefix' => 'think',
  'type' => '',
  'auto_start' => true,
)
[ info ] [ RUN ] app\admin\controller\Menu->index[ E:\phpStudy\PHPTutorial\WWW\vke\application\admin\controller\Menu.php ]
[ info ] [ LOG ] INIT File
[ sql ] [ DB ] CONNECT:[ UseTime:0.000000s ] mysql:host=127.0.0.1;dbname=vke;charset=utf8
[ sql ] [ SQL ] SHOW COLUMNS FROM `vke_admin_menu` [ RunTime:0.030274s ]
[ sql ] [ SQL ] SELECT `id`,`pid`,`name`,`mca` FROM `vke_admin_menu` ORDER BY sorts,id  desc [ RunTime:0.000000s ]
[ sql ] [ EXPLAIN : array (
  'id' => 1,
  'select_type' => 'SIMPLE',
  'table' => 'vke_admin_menu',
  'type' => 'ALL',
  'possible_keys' => NULL,
  'key' => NULL,
  'key_len' => NULL,
  'ref' => NULL,
  'rows' => 7,
  'extra' => 'Using filesort',
) ]
[ sql ] [ SQL ] SHOW COLUMNS FROM `vke_auth_group_access` [ RunTime:0.030274s ]
[ sql ] [ SQL ] SELECT `uid`,`group_id`,`title`,`rules` FROM `vke_auth_group_access` `a` INNER JOIN `vke_auth_group` `g` ON `a`.`group_id`=`g`.`id` WHERE  `a`.`uid` = 1  AND `g`.`status` = '1' [ RunTime:0.000000s ]
[ sql ] [ EXPLAIN : array (
  'id' => 1,
  'select_type' => 'SIMPLE',
  'table' => 'a',
  'type' => 'ref',
  'possible_keys' => 'uid_group_id,uid,group_id',
  'key' => 'uid_group_id',
  'key_len' => '4',
  'ref' => 'const',
  'rows' => 2,
  'extra' => 'Using index',
) ]
[ sql ] [ SQL ] SHOW COLUMNS FROM `vke_auth_rule` [ RunTime:0.030274s ]
[ sql ] [ SQL ] SELECT `condition`,`name` FROM `vke_auth_rule` WHERE  `id` IN (1,2,3,4,5,6,9,10,11,12,13,14,15,16,17,18,20,22,24,26,27,7,21,19,28)  AND `type` = 1  AND `status` = 1 [ RunTime:0.000976s ]
[ sql ] [ EXPLAIN : array (
  'id' => 1,
  'select_type' => 'SIMPLE',
  'table' => 'vke_auth_rule',
  'type' => 'ALL',
  'possible_keys' => 'PRIMARY',
  'key' => NULL,
  'key_len' => NULL,
  'ref' => NULL,
  'rows' => 26,
  'extra' => 'Using where',
) ]
[ sql ] [ SQL ] SELECT `id`,`pid`,`name`,`mca`,`icon`,`url` FROM `vke_admin_menu` ORDER BY sorts,id  desc [ RunTime:0.000000s ]
[ sql ] [ EXPLAIN : array (
  'id' => 1,
  'select_type' => 'SIMPLE',
  'table' => 'vke_admin_menu',
  'type' => 'ALL',
  'possible_keys' => NULL,
  'key' => NULL,
  'key_len' => NULL,
  'ref' => NULL,
  'rows' => 7,
  'extra' => 'Using filesort',
) ]
[ warn ] SQL:SELECT `id`,`pid`,`name`,`mca` FROM `vke_admin_menu` ORDER BY sorts,id  desc [Using filesort]
[ warn ] SQL:SELECT `id`,`pid`,`name`,`mca`,`icon`,`url` FROM `vke_admin_menu` ORDER BY sorts,id  desc [Using filesort]
---------------------------------------------------------------
[ 2017-12-01T17:26:33+08:00 ] 192.168.1.101 192.168.1.104 GET /manager/Rule/userList
[ info ] 192.168.1.101/manager/Rule/userList [运行时间：0.234375s][吞吐率：4.27req/s] [内存消耗：2,472.46kb] [文件加载：57]
[ info ] [ LANG ] E:\phpStudy\PHPTutorial\WWW\vke\thinkphp\lang\zh-cn.php
[ info ] [ ROUTE ] array (
  'type' => 'module',
  'module' => 
  array (
    0 => 'admin',
    1 => 'Rule',
    2 => 'userList',
  ),
  'convert' => false,
)
[ info ] [ HEADER ] array (
  'host' => '192.168.1.101',
  'connection' => 'close',
  'accept' => 'application/json, text/plain, */*',
  'user-agent' => 'Mozilla/5.0 (Windows NT 6.1; WOW64) AppleWebKit/537.36 (KHTML, like Gecko) Chrome/61.0.3163.91 Safari/537.36',
  'referer' => 'http://localhost:8080/',
  'accept-encoding' => 'gzip, deflate, br',
  'accept-language' => 'zh-CN,zh;q=0.8',
  'cookie' => 'Webstorm-3b4604bb=022db025-e5e3-4ca8-83cd-936fa8f71a05; PHPSESSID=e6v38nnelvo4bhn2sovbqj16u0; autologin=a%3A2%3A%7Bs%3A8%3A%22username%22%3Bs%3A6%3A%22admin2%22%3Bs%3A8%3A%22password%22%3Bs%3A6%3A%22123456%22%3B%7D',
)
[ info ] [ PARAM ] array (
  '/manager/Rule/userList' => '',
  'c' => 'Rule',
  'a' => 'userList',
)
[ info ] [ DB ] INIT mysql
[ info ] [ SESSION ] INIT array (
  'id' => '',
  'var_session_id' => '',
  'prefix' => 'think',
  'type' => '',
  'auto_start' => true,
)
[ info ] [ RUN ] app\admin\controller\Rule->userList[ E:\phpStudy\PHPTutorial\WWW\vke\application\admin\controller\Rule.php ]
[ info ] [ LOG ] INIT File
[ sql ] [ DB ] CONNECT:[ UseTime:0.000977s ] mysql:host=127.0.0.1;dbname=vke;charset=utf8
[ sql ] [ SQL ] SHOW COLUMNS FROM `vke_admin_menu` [ RunTime:0.031250s ]
[ sql ] [ SQL ] SELECT `id`,`pid`,`name`,`mca` FROM `vke_admin_menu` ORDER BY sorts,id  desc [ RunTime:0.000976s ]
[ sql ] [ EXPLAIN : array (
  'id' => 1,
  'select_type' => 'SIMPLE',
  'table' => 'vke_admin_menu',
  'type' => 'ALL',
  'possible_keys' => NULL,
  'key' => NULL,
  'key_len' => NULL,
  'ref' => NULL,
  'rows' => 7,
  'extra' => 'Using filesort',
) ]
[ sql ] [ SQL ] SHOW COLUMNS FROM `vke_auth_group_access` [ RunTime:0.031250s ]
[ sql ] [ SQL ] SELECT `uid`,`group_id`,`title`,`rules` FROM `vke_auth_group_access` `a` INNER JOIN `vke_auth_group` `g` ON `a`.`group_id`=`g`.`id` WHERE  `a`.`uid` = 1  AND `g`.`status` = '1' [ RunTime:0.000977s ]
[ sql ] [ EXPLAIN : array (
  'id' => 1,
  'select_type' => 'SIMPLE',
  'table' => 'a',
  'type' => 'ref',
  'possible_keys' => 'uid_group_id,uid,group_id',
  'key' => 'uid_group_id',
  'key_len' => '4',
  'ref' => 'const',
  'rows' => 2,
  'extra' => 'Using index',
) ]
[ sql ] [ SQL ] SHOW COLUMNS FROM `vke_auth_rule` [ RunTime:0.029297s ]
[ sql ] [ SQL ] SELECT `condition`,`name` FROM `vke_auth_rule` WHERE  `id` IN (1,2,3,4,5,6,9,10,11,12,13,14,15,16,17,18,20,22,24,26,27,7,21,19,28)  AND `type` = 1  AND `status` = 1 [ RunTime:0.000000s ]
[ sql ] [ EXPLAIN : array (
  'id' => 1,
  'select_type' => 'SIMPLE',
  'table' => 'vke_auth_rule',
  'type' => 'ALL',
  'possible_keys' => 'PRIMARY',
  'key' => NULL,
  'key_len' => NULL,
  'ref' => NULL,
  'rows' => 26,
  'extra' => 'Using where',
) ]
[ sql ] [ SQL ] SHOW COLUMNS FROM `vke_admin_users` [ RunTime:0.029296s ]
[ sql ] [ SQL ] SELECT `id`,`username`,`telephone`,`last_login_time`,`last_login_ip`,`status` FROM `vke_admin_users` [ RunTime:0.000000s ]
[ sql ] [ EXPLAIN : array (
  'id' => 1,
  'select_type' => 'SIMPLE',
  'table' => 'vke_admin_users',
  'type' => 'ALL',
  'possible_keys' => NULL,
  'key' => NULL,
  'key_len' => NULL,
  'ref' => NULL,
  'rows' => 17,
  'extra' => '',
) ]
[ sql ] [ SQL ] SELECT `group_id` FROM `vke_auth_group_access` WHERE  `uid` = 1 [ RunTime:0.000000s ]
[ sql ] [ EXPLAIN : array (
  'id' => 1,
  'select_type' => 'SIMPLE',
  'table' => 'vke_auth_group_access',
  'type' => 'ref',
  'possible_keys' => 'uid_group_id,uid',
  'key' => 'uid_group_id',
  'key_len' => '4',
  'ref' => 'const',
  'rows' => 2,
  'extra' => 'Using index',
) ]
[ sql ] [ SQL ] SHOW COLUMNS FROM `vke_auth_group` [ RunTime:0.030273s ]
[ sql ] [ SQL ] SELECT `title` FROM `vke_auth_group` WHERE  `id` IN (1,2) [ RunTime:0.000000s ]
[ sql ] [ EXPLAIN : array (
  'id' => 1,
  'select_type' => 'SIMPLE',
  'table' => 'vke_auth_group',
  'type' => 'range',
  'possible_keys' => 'PRIMARY',
  'key' => 'PRIMARY',
  'key_len' => '4',
  'ref' => NULL,
  'rows' => 2,
  'extra' => 'Using where',
) ]
[ sql ] [ SQL ] SELECT `group_id` FROM `vke_auth_group_access` WHERE  `uid` = 3 [ RunTime:0.000000s ]
[ sql ] [ EXPLAIN : array (
  'id' => 1,
  'select_type' => 'SIMPLE',
  'table' => 'vke_auth_group_access',
  'type' => 'ref',
  'possible_keys' => 'uid_group_id,uid',
  'key' => 'uid_group_id',
  'key_len' => '4',
  'ref' => 'const',
  'rows' => 1,
  'extra' => 'Using index',
) ]
[ sql ] [ SQL ] SELECT `title` FROM `vke_auth_group` WHERE  `id` IN ('') [ RunTime:0.000000s ]
[ sql ] [ EXPLAIN : array (
  'id' => 1,
  'select_type' => 'SIMPLE',
  'table' => NULL,
  'type' => NULL,
  'possible_keys' => NULL,
  'key' => NULL,
  'key_len' => NULL,
  'ref' => NULL,
  'rows' => NULL,
  'extra' => 'Impossible WHERE noticed after reading const tables',
) ]
[ sql ] [ SQL ] SELECT `group_id` FROM `vke_auth_group_access` WHERE  `uid` = 4 [ RunTime:0.000976s ]
[ sql ] [ EXPLAIN : array (
  'id' => 1,
  'select_type' => 'SIMPLE',
  'table' => 'vke_auth_group_access',
  'type' => 'ref',
  'possible_keys' => 'uid_group_id,uid',
  'key' => 'uid_group_id',
  'key_len' => '4',
  'ref' => 'const',
  'rows' => 1,
  'extra' => 'Using index',
) ]
[ sql ] [ SQL ] SELECT `title` FROM `vke_auth_group` WHERE  `id` IN (1) [ RunTime:0.000000s ]
[ sql ] [ EXPLAIN : array (
  'id' => 1,
  'select_type' => 'SIMPLE',
  'table' => 'vke_auth_group',
  'type' => 'const',
  'possible_keys' => 'PRIMARY',
  'key' => 'PRIMARY',
  'key_len' => '4',
  'ref' => 'const',
  'rows' => 1,
  'extra' => '',
) ]
[ sql ] [ SQL ] SELECT `group_id` FROM `vke_auth_group_access` WHERE  `uid` = 6 [ RunTime:0.000000s ]
[ sql ] [ EXPLAIN : array (
  'id' => 1,
  'select_type' => 'SIMPLE',
  'table' => 'vke_auth_group_access',
  'type' => 'ref',
  'possible_keys' => 'uid_group_id,uid',
  'key' => 'uid_group_id',
  'key_len' => '4',
  'ref' => 'const',
  'rows' => 1,
  'extra' => 'Using index',
) ]
[ sql ] [ SQL ] SELECT `title` FROM `vke_auth_group` WHERE  `id` IN (1) [ RunTime:0.000000s ]
[ sql ] [ EXPLAIN : array (
  'id' => 1,
  'select_type' => 'SIMPLE',
  'table' => 'vke_auth_group',
  'type' => 'const',
  'possible_keys' => 'PRIMARY',
  'key' => 'PRIMARY',
  'key_len' => '4',
  'ref' => 'const',
  'rows' => 1,
  'extra' => '',
) ]
[ sql ] [ SQL ] SELECT `group_id` FROM `vke_auth_group_access` WHERE  `uid` = 7 [ RunTime:0.000977s ]
[ sql ] [ EXPLAIN : array (
  'id' => 1,
  'select_type' => 'SIMPLE',
  'table' => 'vke_auth_group_access',
  'type' => 'ref',
  'possible_keys' => 'uid_group_id,uid',
  'key' => 'uid_group_id',
  'key_len' => '4',
  'ref' => 'const',
  'rows' => 2,
  'extra' => 'Using index',
) ]
[ sql ] [ SQL ] SELECT `title` FROM `vke_auth_group` WHERE  `id` IN (1,2) [ RunTime:0.000000s ]
[ sql ] [ EXPLAIN : array (
  'id' => 1,
  'select_type' => 'SIMPLE',
  'table' => 'vke_auth_group',
  'type' => 'range',
  'possible_keys' => 'PRIMARY',
  'key' => 'PRIMARY',
  'key_len' => '4',
  'ref' => NULL,
  'rows' => 2,
  'extra' => 'Using where',
) ]
[ sql ] [ SQL ] SELECT `group_id` FROM `vke_auth_group_access` WHERE  `uid` = 8 [ RunTime:0.000000s ]
[ sql ] [ EXPLAIN : array (
  'id' => 1,
  'select_type' => 'SIMPLE',
  'table' => 'vke_auth_group_access',
  'type' => 'ref',
  'possible_keys' => 'uid_group_id,uid',
  'key' => 'uid_group_id',
  'key_len' => '4',
  'ref' => 'const',
  'rows' => 1,
  'extra' => 'Using index',
) ]
[ sql ] [ SQL ] SELECT `title` FROM `vke_auth_group` WHERE  `id` IN (1) [ RunTime:0.000000s ]
[ sql ] [ EXPLAIN : array (
  'id' => 1,
  'select_type' => 'SIMPLE',
  'table' => 'vke_auth_group',
  'type' => 'const',
  'possible_keys' => 'PRIMARY',
  'key' => 'PRIMARY',
  'key_len' => '4',
  'ref' => 'const',
  'rows' => 1,
  'extra' => '',
) ]
[ sql ] [ SQL ] SELECT `group_id` FROM `vke_auth_group_access` WHERE  `uid` = 9 [ RunTime:0.000000s ]
[ sql ] [ EXPLAIN : array (
  'id' => 1,
  'select_type' => 'SIMPLE',
  'table' => 'vke_auth_group_access',
  'type' => 'ref',
  'possible_keys' => 'uid_group_id,uid',
  'key' => 'uid_group_id',
  'key_len' => '4',
  'ref' => 'const',
  'rows' => 1,
  'extra' => 'Using index',
) ]
[ sql ] [ SQL ] SELECT `title` FROM `vke_auth_group` WHERE  `id` IN (1) [ RunTime:0.000000s ]
[ sql ] [ EXPLAIN : array (
  'id' => 1,
  'select_type' => 'SIMPLE',
  'table' => 'vke_auth_group',
  'type' => 'const',
  'possible_keys' => 'PRIMARY',
  'key' => 'PRIMARY',
  'key_len' => '4',
  'ref' => 'const',
  'rows' => 1,
  'extra' => '',
) ]
[ sql ] [ SQL ] SELECT `group_id` FROM `vke_auth_group_access` WHERE  `uid` = 10 [ RunTime:0.000000s ]
[ sql ] [ EXPLAIN : array (
  'id' => 1,
  'select_type' => 'SIMPLE',
  'table' => 'vke_auth_group_access',
  'type' => 'ref',
  'possible_keys' => 'uid_group_id,uid',
  'key' => 'uid_group_id',
  'key_len' => '4',
  'ref' => 'const',
  'rows' => 1,
  'extra' => 'Using index',
) ]
[ sql ] [ SQL ] SELECT `title` FROM `vke_auth_group` WHERE  `id` IN (1) [ RunTime:0.000000s ]
[ sql ] [ EXPLAIN : array (
  'id' => 1,
  'select_type' => 'SIMPLE',
  'table' => 'vke_auth_group',
  'type' => 'const',
  'possible_keys' => 'PRIMARY',
  'key' => 'PRIMARY',
  'key_len' => '4',
  'ref' => 'const',
  'rows' => 1,
  'extra' => '',
) ]
[ sql ] [ SQL ] SELECT `group_id` FROM `vke_auth_group_access` WHERE  `uid` = 19 [ RunTime:0.000976s ]
[ sql ] [ EXPLAIN : array (
  'id' => 1,
  'select_type' => 'SIMPLE',
  'table' => 'vke_auth_group_access',
  'type' => 'ref',
  'possible_keys' => 'uid_group_id,uid',
  'key' => 'uid_group_id',
  'key_len' => '4',
  'ref' => 'const',
  'rows' => 1,
  'extra' => 'Using index',
) ]
[ sql ] [ SQL ] SELECT `title` FROM `vke_auth_group` WHERE  `id` IN (1) [ RunTime:0.000000s ]
[ sql ] [ EXPLAIN : array (
  'id' => 1,
  'select_type' => 'SIMPLE',
  'table' => 'vke_auth_group',
  'type' => 'const',
  'possible_keys' => 'PRIMARY',
  'key' => 'PRIMARY',
  'key_len' => '4',
  'ref' => 'const',
  'rows' => 1,
  'extra' => '',
) ]
[ sql ] [ SQL ] SELECT `group_id` FROM `vke_auth_group_access` WHERE  `uid` = 11 [ RunTime:0.000000s ]
[ sql ] [ EXPLAIN : array (
  'id' => 1,
  'select_type' => 'SIMPLE',
  'table' => 'vke_auth_group_access',
  'type' => 'ref',
  'possible_keys' => 'uid_group_id,uid',
  'key' => 'uid_group_id',
  'key_len' => '4',
  'ref' => 'const',
  'rows' => 1,
  'extra' => 'Using index',
) ]
[ sql ] [ SQL ] SELECT `title` FROM `vke_auth_group` WHERE  `id` IN (0,1) [ RunTime:0.000000s ]
[ sql ] [ EXPLAIN : array (
  'id' => 1,
  'select_type' => 'SIMPLE',
  'table' => 'vke_auth_group',
  'type' => 'range',
  'possible_keys' => 'PRIMARY',
  'key' => 'PRIMARY',
  'key_len' => '4',
  'ref' => NULL,
  'rows' => 2,
  'extra' => 'Using where',
) ]
[ sql ] [ SQL ] SELECT `group_id` FROM `vke_auth_group_access` WHERE  `uid` = 12 [ RunTime:0.000000s ]
[ sql ] [ EXPLAIN : array (
  'id' => 1,
  'select_type' => 'SIMPLE',
  'table' => 'vke_auth_group_access',
  'type' => 'ref',
  'possible_keys' => 'uid_group_id,uid',
  'key' => 'uid_group_id',
  'key_len' => '4',
  'ref' => 'const',
  'rows' => 2,
  'extra' => 'Using index',
) ]
[ sql ] [ SQL ] SELECT `title` FROM `vke_auth_group` WHERE  `id` IN (0,1) [ RunTime:0.000977s ]
[ sql ] [ EXPLAIN : array (
  'id' => 1,
  'select_type' => 'SIMPLE',
  'table' => 'vke_auth_group',
  'type' => 'range',
  'possible_keys' => 'PRIMARY',
  'key' => 'PRIMARY',
  'key_len' => '4',
  'ref' => NULL,
  'rows' => 2,
  'extra' => 'Using where',
) ]
[ sql ] [ SQL ] SELECT `group_id` FROM `vke_auth_group_access` WHERE  `uid` = 13 [ RunTime:0.000976s ]
[ sql ] [ EXPLAIN : array (
  'id' => 1,
  'select_type' => 'SIMPLE',
  'table' => 'vke_auth_group_access',
  'type' => 'ref',
  'possible_keys' => 'uid_group_id,uid',
  'key' => 'uid_group_id',
  'key_len' => '4',
  'ref' => 'const',
  'rows' => 2,
  'extra' => 'Using index',
) ]
[ sql ] [ SQL ] SELECT `title` FROM `vke_auth_group` WHERE  `id` IN (1,2) [ RunTime:0.000000s ]
[ sql ] [ EXPLAIN : array (
  'id' => 1,
  'select_type' => 'SIMPLE',
  'table' => 'vke_auth_group',
  'type' => 'range',
  'possible_keys' => 'PRIMARY',
  'key' => 'PRIMARY',
  'key_len' => '4',
  'ref' => NULL,
  'rows' => 2,
  'extra' => 'Using where',
) ]
[ sql ] [ SQL ] SELECT `group_id` FROM `vke_auth_group_access` WHERE  `uid` = 14 [ RunTime:0.000000s ]
[ sql ] [ EXPLAIN : array (
  'id' => 1,
  'select_type' => 'SIMPLE',
  'table' => 'vke_auth_group_access',
  'type' => 'ref',
  'possible_keys' => 'uid_group_id,uid',
  'key' => 'uid_group_id',
  'key_len' => '4',
  'ref' => 'const',
  'rows' => 2,
  'extra' => 'Using index',
) ]
[ sql ] [ SQL ] SELECT `title` FROM `vke_auth_group` WHERE  `id` IN (1,2) [ RunTime:0.000000s ]
[ sql ] [ EXPLAIN : array (
  'id' => 1,
  'select_type' => 'SIMPLE',
  'table' => 'vke_auth_group',
  'type' => 'range',
  'possible_keys' => 'PRIMARY',
  'key' => 'PRIMARY',
  'key_len' => '4',
  'ref' => NULL,
  'rows' => 2,
  'extra' => 'Using where',
) ]
[ sql ] [ SQL ] SELECT `group_id` FROM `vke_auth_group_access` WHERE  `uid` = 15 [ RunTime:0.000977s ]
[ sql ] [ EXPLAIN : array (
  'id' => 1,
  'select_type' => 'SIMPLE',
  'table' => 'vke_auth_group_access',
  'type' => 'ref',
  'possible_keys' => 'uid_group_id,uid',
  'key' => 'uid_group_id',
  'key_len' => '4',
  'ref' => 'const',
  'rows' => 1,
  'extra' => 'Using index',
) ]
[ sql ] [ SQL ] SELECT `title` FROM `vke_auth_group` WHERE  `id` IN (2) [ RunTime:0.000000s ]
[ sql ] [ EXPLAIN : array (
  'id' => 1,
  'select_type' => 'SIMPLE',
  'table' => 'vke_auth_group',
  'type' => 'const',
  'possible_keys' => 'PRIMARY',
  'key' => 'PRIMARY',
  'key_len' => '4',
  'ref' => 'const',
  'rows' => 1,
  'extra' => '',
) ]
[ sql ] [ SQL ] SELECT `group_id` FROM `vke_auth_group_access` WHERE  `uid` = 16 [ RunTime:0.000000s ]
[ sql ] [ EXPLAIN : array (
  'id' => 1,
  'select_type' => 'SIMPLE',
  'table' => 'vke_auth_group_access',
  'type' => 'ref',
  'possible_keys' => 'uid_group_id,uid',
  'key' => 'uid_group_id',
  'key_len' => '4',
  'ref' => 'const',
  'rows' => 1,
  'extra' => 'Using index',
) ]
[ sql ] [ SQL ] SELECT `title` FROM `vke_auth_group` WHERE  `id` IN (4) [ RunTime:0.000000s ]
[ sql ] [ EXPLAIN : array (
  'id' => 1,
  'select_type' => 'SIMPLE',
  'table' => 'vke_auth_group',
  'type' => 'const',
  'possible_keys' => 'PRIMARY',
  'key' => 'PRIMARY',
  'key_len' => '4',
  'ref' => 'const',
  'rows' => 1,
  'extra' => '',
) ]
[ sql ] [ SQL ] SELECT `group_id` FROM `vke_auth_group_access` WHERE  `uid` = 17 [ RunTime:0.000000s ]
[ sql ] [ EXPLAIN : array (
  'id' => 1,
  'select_type' => 'SIMPLE',
  'table' => 'vke_auth_group_access',
  'type' => 'ref',
  'possible_keys' => 'uid_group_id,uid',
  'key' => 'uid_group_id',
  'key_len' => '4',
  'ref' => 'const',
  'rows' => 1,
  'extra' => 'Using index',
) ]
[ sql ] [ SQL ] SELECT `title` FROM `vke_auth_group` WHERE  `id` IN (4) [ RunTime:0.000000s ]
[ sql ] [ EXPLAIN : array (
  'id' => 1,
  'select_type' => 'SIMPLE',
  'table' => 'vke_auth_group',
  'type' => 'const',
  'possible_keys' => 'PRIMARY',
  'key' => 'PRIMARY',
  'key_len' => '4',
  'ref' => 'const',
  'rows' => 1,
  'extra' => '',
) ]
[ sql ] [ SQL ] SELECT `group_id` FROM `vke_auth_group_access` WHERE  `uid` = 18 [ RunTime:0.000000s ]
[ sql ] [ EXPLAIN : array (
  'id' => 1,
  'select_type' => 'SIMPLE',
  'table' => 'vke_auth_group_access',
  'type' => 'ref',
  'possible_keys' => 'uid_group_id,uid',
  'key' => 'uid_group_id',
  'key_len' => '4',
  'ref' => 'const',
  'rows' => 1,
  'extra' => 'Using index',
) ]
[ sql ] [ SQL ] SELECT `title` FROM `vke_auth_group` WHERE  `id` IN (1) [ RunTime:0.000000s ]
[ sql ] [ EXPLAIN : array (
  'id' => 1,
  'select_type' => 'SIMPLE',
  'table' => 'vke_auth_group',
  'type' => 'const',
  'possible_keys' => 'PRIMARY',
  'key' => 'PRIMARY',
  'key_len' => '4',
  'ref' => 'const',
  'rows' => 1,
  'extra' => '',
) ]
[ warn ] SQL:SELECT `id`,`pid`,`name`,`mca` FROM `vke_admin_menu` ORDER BY sorts,id  desc [Using filesort]
---------------------------------------------------------------
[ 2017-12-01T17:26:34+08:00 ] 192.168.1.101 192.168.1.104 GET /manager/Rule/addAdmin
[ info ] 192.168.1.101/manager/Rule/addAdmin [运行时间：0.168946s][吞吐率：5.92req/s] [内存消耗：2,330.60kb] [文件加载：52]
[ info ] [ LANG ] E:\phpStudy\PHPTutorial\WWW\vke\thinkphp\lang\zh-cn.php
[ info ] [ ROUTE ] array (
  'type' => 'module',
  'module' => 
  array (
    0 => 'admin',
    1 => 'Rule',
    2 => 'addAdmin',
  ),
  'convert' => false,
)
[ info ] [ HEADER ] array (
  'host' => '192.168.1.101',
  'connection' => 'close',
  'accept' => 'application/json, text/plain, */*',
  'user-agent' => 'Mozilla/5.0 (Windows NT 6.1; WOW64) AppleWebKit/537.36 (KHTML, like Gecko) Chrome/61.0.3163.91 Safari/537.36',
  'referer' => 'http://localhost:8080/',
  'accept-encoding' => 'gzip, deflate, br',
  'accept-language' => 'zh-CN,zh;q=0.8',
  'cookie' => 'Webstorm-3b4604bb=022db025-e5e3-4ca8-83cd-936fa8f71a05; PHPSESSID=e6v38nnelvo4bhn2sovbqj16u0; autologin=a%3A2%3A%7Bs%3A8%3A%22username%22%3Bs%3A6%3A%22admin2%22%3Bs%3A8%3A%22password%22%3Bs%3A6%3A%22123456%22%3B%7D',
)
[ info ] [ PARAM ] array (
  '/manager/Rule/addAdmin' => '',
  'c' => 'Rule',
  'a' => 'addAdmin',
)
[ info ] [ DB ] INIT mysql
[ info ] [ SESSION ] INIT array (
  'id' => '',
  'var_session_id' => '',
  'prefix' => 'think',
  'type' => '',
  'auto_start' => true,
)
[ info ] [ RUN ] app\admin\controller\Rule->addAdmin[ E:\phpStudy\PHPTutorial\WWW\vke\application\admin\controller\Rule.php ]
[ info ] [ LOG ] INIT File
[ sql ] [ DB ] CONNECT:[ UseTime:0.000976s ] mysql:host=127.0.0.1;dbname=vke;charset=utf8
[ sql ] [ SQL ] SHOW COLUMNS FROM `vke_admin_menu` [ RunTime:0.030273s ]
[ sql ] [ SQL ] SELECT `id`,`pid`,`name`,`mca` FROM `vke_admin_menu` ORDER BY sorts,id  desc [ RunTime:0.000977s ]
[ sql ] [ EXPLAIN : array (
  'id' => 1,
  'select_type' => 'SIMPLE',
  'table' => 'vke_admin_menu',
  'type' => 'ALL',
  'possible_keys' => NULL,
  'key' => NULL,
  'key_len' => NULL,
  'ref' => NULL,
  'rows' => 7,
  'extra' => 'Using filesort',
) ]
[ sql ] [ SQL ] SHOW COLUMNS FROM `vke_auth_group_access` [ RunTime:0.029297s ]
[ sql ] [ SQL ] SELECT `uid`,`group_id`,`title`,`rules` FROM `vke_auth_group_access` `a` INNER JOIN `vke_auth_group` `g` ON `a`.`group_id`=`g`.`id` WHERE  `a`.`uid` = 1  AND `g`.`status` = '1' [ RunTime:0.000000s ]
[ sql ] [ EXPLAIN : array (
  'id' => 1,
  'select_type' => 'SIMPLE',
  'table' => 'a',
  'type' => 'ref',
  'possible_keys' => 'uid_group_id,uid,group_id',
  'key' => 'uid_group_id',
  'key_len' => '4',
  'ref' => 'const',
  'rows' => 2,
  'extra' => 'Using index',
) ]
[ sql ] [ SQL ] SHOW COLUMNS FROM `vke_auth_rule` [ RunTime:0.029297s ]
[ sql ] [ SQL ] SELECT `condition`,`name` FROM `vke_auth_rule` WHERE  `id` IN (1,2,3,4,5,6,9,10,11,12,13,14,15,16,17,18,20,22,24,26,27,7,21,19,28)  AND `type` = 1  AND `status` = 1 [ RunTime:0.000977s ]
[ sql ] [ EXPLAIN : array (
  'id' => 1,
  'select_type' => 'SIMPLE',
  'table' => 'vke_auth_rule',
  'type' => 'ALL',
  'possible_keys' => 'PRIMARY',
  'key' => NULL,
  'key_len' => NULL,
  'ref' => NULL,
  'rows' => 26,
  'extra' => 'Using where',
) ]
[ sql ] [ SQL ] SHOW COLUMNS FROM `vke_auth_group` [ RunTime:0.029297s ]
[ sql ] [ SQL ] SELECT `id`,`title` FROM `vke_auth_group` WHERE  `status` = 1 ORDER BY `id`  asc [ RunTime:0.000000s ]
[ sql ] [ EXPLAIN : array (
  'id' => 1,
  'select_type' => 'SIMPLE',
  'table' => 'vke_auth_group',
  'type' => 'ALL',
  'possible_keys' => NULL,
  'key' => NULL,
  'key_len' => NULL,
  'ref' => NULL,
  'rows' => 8,
  'extra' => 'Using where; Using filesort',
) ]
[ warn ] SQL:SELECT `id`,`pid`,`name`,`mca` FROM `vke_admin_menu` ORDER BY sorts,id  desc [Using filesort]
[ warn ] SQL:SELECT `id`,`title` FROM `vke_auth_group` WHERE  `status` = :where_status ORDER BY `id`  asc [Using where; Using filesort]
---------------------------------------------------------------
[ 2017-12-01T17:27:08+08:00 ] 192.168.1.101 192.168.1.101 POST /manager/Menu/index
[ info ] 192.168.1.101/manager/Menu/index [运行时间：0.159180s][吞吐率：6.28req/s] [内存消耗：2,310.81kb] [文件加载：54]
[ info ] [ LANG ] E:\phpStudy\PHPTutorial\WWW\vke\thinkphp\lang\zh-cn.php
[ info ] [ ROUTE ] array (
  'type' => 'module',
  'module' => 
  array (
    0 => 'admin',
    1 => 'Menu',
    2 => 'index',
  ),
  'convert' => false,
)
[ info ] [ HEADER ] array (
  'connection' => 'close',
  'x-lantern-version' => '4.4.0',
  'referer' => 'http://apizza.cc/console/project/d67b3bbfad5baf93306649b831422a32/dev',
  'proxy-connection' => 'keep-alive',
  'origin' => 'http://apizza.cc',
  'cookie' => 'multitransbubbletip=false; SULang=zh%2CCN; themename=vista; multitrans=0; PHPSESSID=n7nkbib93pv51gbi2bnv85nlk7',
  'content-type' => 'multipart/form-data; boundary=----WebKitFormBoundarygVAiQ3YxbCDh4EZg',
  'accept-language' => 'zh-CN,zh;q=0.8',
  'accept-encoding' => 'gzip, deflate',
  'accept' => '*/*',
  'content-length' => '44',
  'user-agent' => 'Mozilla/5.0 (Windows NT 6.1; Win64; x64) AppleWebKit/537.36 (KHTML, like Gecko) Chrome/60.0.3112.113 Safari/537.36',
  'host' => '192.168.1.101',
)
[ info ] [ PARAM ] array (
  '/manager/Menu/index' => '',
  'c' => 'Menu',
  'a' => 'index',
)
[ info ] [ DB ] INIT mysql
[ info ] [ SESSION ] INIT array (
  'id' => '',
  'var_session_id' => '',
  'prefix' => 'think',
  'type' => '',
  'auto_start' => true,
)
[ info ] [ RUN ] app\admin\controller\Menu->index[ E:\phpStudy\PHPTutorial\WWW\vke\application\admin\controller\Menu.php ]
[ info ] [ LOG ] INIT File
[ sql ] [ DB ] CONNECT:[ UseTime:0.000976s ] mysql:host=127.0.0.1;dbname=vke;charset=utf8
[ sql ] [ SQL ] SHOW COLUMNS FROM `vke_admin_menu` [ RunTime:0.031250s ]
[ sql ] [ SQL ] SELECT `id`,`pid`,`name`,`mca` FROM `vke_admin_menu` ORDER BY sorts,id  desc [ RunTime:0.000976s ]
[ sql ] [ EXPLAIN : array (
  'id' => 1,
  'select_type' => 'SIMPLE',
  'table' => 'vke_admin_menu',
  'type' => 'ALL',
  'possible_keys' => NULL,
  'key' => NULL,
  'key_len' => NULL,
  'ref' => NULL,
  'rows' => 7,
  'extra' => 'Using filesort',
) ]
[ sql ] [ SQL ] SHOW COLUMNS FROM `vke_auth_group_access` [ RunTime:0.037110s ]
[ sql ] [ SQL ] SELECT `uid`,`group_id`,`title`,`rules` FROM `vke_auth_group_access` `a` INNER JOIN `vke_auth_group` `g` ON `a`.`group_id`=`g`.`id` WHERE  `a`.`uid` = 1  AND `g`.`status` = '1' [ RunTime:0.000000s ]
[ sql ] [ EXPLAIN : array (
  'id' => 1,
  'select_type' => 'SIMPLE',
  'table' => 'a',
  'type' => 'ref',
  'possible_keys' => 'uid_group_id,uid,group_id',
  'key' => 'uid_group_id',
  'key_len' => '4',
  'ref' => 'const',
  'rows' => 2,
  'extra' => 'Using index',
) ]
[ sql ] [ SQL ] SHOW COLUMNS FROM `vke_auth_rule` [ RunTime:0.033204s ]
[ sql ] [ SQL ] SELECT `condition`,`name` FROM `vke_auth_rule` WHERE  `id` IN (1,2,3,4,5,6,9,10,11,12,13,14,15,16,17,18,20,22,24,26,27,7,21,19,28)  AND `type` = 1  AND `status` = 1 [ RunTime:0.000976s ]
[ sql ] [ EXPLAIN : array (
  'id' => 1,
  'select_type' => 'SIMPLE',
  'table' => 'vke_auth_rule',
  'type' => 'ALL',
  'possible_keys' => 'PRIMARY',
  'key' => NULL,
  'key_len' => NULL,
  'ref' => NULL,
  'rows' => 26,
  'extra' => 'Using where',
) ]
[ sql ] [ SQL ] SELECT `id`,`pid`,`name`,`mca`,`icon`,`url` FROM `vke_admin_menu` ORDER BY sorts,id  desc [ RunTime:0.000976s ]
[ sql ] [ EXPLAIN : array (
  'id' => 1,
  'select_type' => 'SIMPLE',
  'table' => 'vke_admin_menu',
  'type' => 'ALL',
  'possible_keys' => NULL,
  'key' => NULL,
  'key_len' => NULL,
  'ref' => NULL,
  'rows' => 7,
  'extra' => 'Using filesort',
) ]
[ warn ] SQL:SELECT `id`,`pid`,`name`,`mca` FROM `vke_admin_menu` ORDER BY sorts,id  desc [Using filesort]
[ warn ] SQL:SELECT `id`,`pid`,`name`,`mca`,`icon`,`url` FROM `vke_admin_menu` ORDER BY sorts,id  desc [Using filesort]
---------------------------------------------------------------
[ 2017-12-01T17:30:46+08:00 ] 192.168.1.101 192.168.1.101 POST /manager/Menu/index
[ info ] 192.168.1.101/manager/Menu/index [运行时间：0.156250s][吞吐率：6.40req/s] [内存消耗：2,310.81kb] [文件加载：54]
[ info ] [ LANG ] E:\phpStudy\PHPTutorial\WWW\vke\thinkphp\lang\zh-cn.php
[ info ] [ ROUTE ] array (
  'type' => 'module',
  'module' => 
  array (
    0 => 'admin',
    1 => 'Menu',
    2 => 'index',
  ),
  'convert' => false,
)
[ info ] [ HEADER ] array (
  'connection' => 'close',
  'x-lantern-version' => '4.4.0',
  'referer' => 'http://apizza.cc/console/project/d67b3bbfad5baf93306649b831422a32/dev',
  'proxy-connection' => 'keep-alive',
  'origin' => 'http://apizza.cc',
  'cookie' => 'multitransbubbletip=false; SULang=zh%2CCN; themename=vista; multitrans=0; PHPSESSID=n7nkbib93pv51gbi2bnv85nlk7',
  'content-type' => 'multipart/form-data; boundary=----WebKitFormBoundaryY6zxAycn0I6N2SaO',
  'accept-language' => 'zh-CN,zh;q=0.8',
  'accept-encoding' => 'gzip, deflate',
  'accept' => '*/*',
  'content-length' => '44',
  'user-agent' => 'Mozilla/5.0 (Windows NT 6.1; Win64; x64) AppleWebKit/537.36 (KHTML, like Gecko) Chrome/60.0.3112.113 Safari/537.36',
  'host' => '192.168.1.101',
)
[ info ] [ PARAM ] array (
  '/manager/Menu/index' => '',
  'c' => 'Menu',
  'a' => 'index',
)
[ info ] [ DB ] INIT mysql
[ info ] [ SESSION ] INIT array (
  'id' => '',
  'var_session_id' => '',
  'prefix' => 'think',
  'type' => '',
  'auto_start' => true,
)
[ info ] [ RUN ] app\admin\controller\Menu->index[ E:\phpStudy\PHPTutorial\WWW\vke\application\admin\controller\Menu.php ]
[ info ] [ LOG ] INIT File
[ sql ] [ DB ] CONNECT:[ UseTime:0.000976s ] mysql:host=127.0.0.1;dbname=vke;charset=utf8
[ sql ] [ SQL ] SHOW COLUMNS FROM `vke_admin_menu` [ RunTime:0.035157s ]
[ sql ] [ SQL ] SELECT `id`,`pid`,`name`,`mca` FROM `vke_admin_menu` ORDER BY sorts,id  desc [ RunTime:0.000976s ]
[ sql ] [ EXPLAIN : array (
  'id' => 1,
  'select_type' => 'SIMPLE',
  'table' => 'vke_admin_menu',
  'type' => 'ALL',
  'possible_keys' => NULL,
  'key' => NULL,
  'key_len' => NULL,
  'ref' => NULL,
  'rows' => 7,
  'extra' => 'Using filesort',
) ]
[ sql ] [ SQL ] SHOW COLUMNS FROM `vke_auth_group_access` [ RunTime:0.031250s ]
[ sql ] [ SQL ] SELECT `uid`,`group_id`,`title`,`rules` FROM `vke_auth_group_access` `a` INNER JOIN `vke_auth_group` `g` ON `a`.`group_id`=`g`.`id` WHERE  `a`.`uid` = 1  AND `g`.`status` = '1' [ RunTime:0.000000s ]
[ sql ] [ EXPLAIN : array (
  'id' => 1,
  'select_type' => 'SIMPLE',
  'table' => 'a',
  'type' => 'ref',
  'possible_keys' => 'uid_group_id,uid,group_id',
  'key' => 'uid_group_id',
  'key_len' => '4',
  'ref' => 'const',
  'rows' => 2,
  'extra' => 'Using index',
) ]
[ sql ] [ SQL ] SHOW COLUMNS FROM `vke_auth_rule` [ RunTime:0.029296s ]
[ sql ] [ SQL ] SELECT `condition`,`name` FROM `vke_auth_rule` WHERE  `id` IN (1,2,3,4,5,6,9,10,11,12,13,14,15,16,17,18,20,22,24,26,27,7,21,19,28)  AND `type` = 1  AND `status` = 1 [ RunTime:0.000977s ]
[ sql ] [ EXPLAIN : array (
  'id' => 1,
  'select_type' => 'SIMPLE',
  'table' => 'vke_auth_rule',
  'type' => 'ALL',
  'possible_keys' => 'PRIMARY',
  'key' => NULL,
  'key_len' => NULL,
  'ref' => NULL,
  'rows' => 26,
  'extra' => 'Using where',
) ]
[ sql ] [ SQL ] SELECT `id`,`pid`,`name`,`mca`,`icon`,`url` FROM `vke_admin_menu` ORDER BY sorts,id  desc [ RunTime:0.000000s ]
[ sql ] [ EXPLAIN : array (
  'id' => 1,
  'select_type' => 'SIMPLE',
  'table' => 'vke_admin_menu',
  'type' => 'ALL',
  'possible_keys' => NULL,
  'key' => NULL,
  'key_len' => NULL,
  'ref' => NULL,
  'rows' => 7,
  'extra' => 'Using filesort',
) ]
[ warn ] SQL:SELECT `id`,`pid`,`name`,`mca` FROM `vke_admin_menu` ORDER BY sorts,id  desc [Using filesort]
[ warn ] SQL:SELECT `id`,`pid`,`name`,`mca`,`icon`,`url` FROM `vke_admin_menu` ORDER BY sorts,id  desc [Using filesort]
---------------------------------------------------------------
[ 2017-12-01T17:31:03+08:00 ] 192.168.1.101 192.168.1.104 POST /manager/Menu/index
[ info ] 192.168.1.101/manager/Menu/index [运行时间：0.132813s][吞吐率：7.53req/s] [内存消耗：2,309.57kb] [文件加载：54]
[ info ] [ LANG ] E:\phpStudy\PHPTutorial\WWW\vke\thinkphp\lang\zh-cn.php
[ info ] [ ROUTE ] array (
  'type' => 'module',
  'module' => 
  array (
    0 => 'admin',
    1 => 'Menu',
    2 => 'index',
  ),
  'convert' => false,
)
[ info ] [ HEADER ] array (
  'host' => '192.168.1.101',
  'connection' => 'close',
  'content-length' => '0',
  'accept' => 'application/json, text/plain, */*',
  'origin' => 'http://localhost:8080',
  'user-agent' => 'Mozilla/5.0 (Windows NT 6.1; WOW64) AppleWebKit/537.36 (KHTML, like Gecko) Chrome/61.0.3163.91 Safari/537.36',
  'referer' => 'http://localhost:8080/',
  'accept-encoding' => 'gzip, deflate, br',
  'accept-language' => 'zh-CN,zh;q=0.8',
  'cookie' => 'Webstorm-3b4604bb=022db025-e5e3-4ca8-83cd-936fa8f71a05; PHPSESSID=e6v38nnelvo4bhn2sovbqj16u0; autologin=a%3A2%3A%7Bs%3A8%3A%22username%22%3Bs%3A6%3A%22admin2%22%3Bs%3A8%3A%22password%22%3Bs%3A6%3A%22123456%22%3B%7D',
)
[ info ] [ PARAM ] array (
  '/manager/Menu/index' => '',
  'c' => 'Menu',
  'a' => 'index',
)
[ info ] [ DB ] INIT mysql
[ info ] [ SESSION ] INIT array (
  'id' => '',
  'var_session_id' => '',
  'prefix' => 'think',
  'type' => '',
  'auto_start' => true,
)
[ info ] [ RUN ] app\admin\controller\Menu->index[ E:\phpStudy\PHPTutorial\WWW\vke\application\admin\controller\Menu.php ]
[ info ] [ LOG ] INIT File
[ sql ] [ DB ] CONNECT:[ UseTime:0.000976s ] mysql:host=127.0.0.1;dbname=vke;charset=utf8
[ sql ] [ SQL ] SHOW COLUMNS FROM `vke_admin_menu` [ RunTime:0.026367s ]
[ sql ] [ SQL ] SELECT `id`,`pid`,`name`,`mca` FROM `vke_admin_menu` ORDER BY sorts,id  desc [ RunTime:0.000000s ]
[ sql ] [ EXPLAIN : array (
  'id' => 1,
  'select_type' => 'SIMPLE',
  'table' => 'vke_admin_menu',
  'type' => 'ALL',
  'possible_keys' => NULL,
  'key' => NULL,
  'key_len' => NULL,
  'ref' => NULL,
  'rows' => 7,
  'extra' => 'Using filesort',
) ]
[ sql ] [ SQL ] SHOW COLUMNS FROM `vke_auth_group_access` [ RunTime:0.028320s ]
[ sql ] [ SQL ] SELECT `uid`,`group_id`,`title`,`rules` FROM `vke_auth_group_access` `a` INNER JOIN `vke_auth_group` `g` ON `a`.`group_id`=`g`.`id` WHERE  `a`.`uid` = 1  AND `g`.`status` = '1' [ RunTime:0.000977s ]
[ sql ] [ EXPLAIN : array (
  'id' => 1,
  'select_type' => 'SIMPLE',
  'table' => 'a',
  'type' => 'ref',
  'possible_keys' => 'uid_group_id,uid,group_id',
  'key' => 'uid_group_id',
  'key_len' => '4',
  'ref' => 'const',
  'rows' => 2,
  'extra' => 'Using index',
) ]
[ sql ] [ SQL ] SHOW COLUMNS FROM `vke_auth_rule` [ RunTime:0.027344s ]
[ sql ] [ SQL ] SELECT `condition`,`name` FROM `vke_auth_rule` WHERE  `id` IN (1,2,3,4,5,6,9,10,11,12,13,14,15,16,17,18,20,22,24,26,27,7,21,19,28)  AND `type` = 1  AND `status` = 1 [ RunTime:0.000000s ]
[ sql ] [ EXPLAIN : array (
  'id' => 1,
  'select_type' => 'SIMPLE',
  'table' => 'vke_auth_rule',
  'type' => 'ALL',
  'possible_keys' => 'PRIMARY',
  'key' => NULL,
  'key_len' => NULL,
  'ref' => NULL,
  'rows' => 26,
  'extra' => 'Using where',
) ]
[ sql ] [ SQL ] SELECT `id`,`pid`,`name`,`mca`,`icon`,`url` FROM `vke_admin_menu` ORDER BY sorts,id  desc [ RunTime:0.000977s ]
[ sql ] [ EXPLAIN : array (
  'id' => 1,
  'select_type' => 'SIMPLE',
  'table' => 'vke_admin_menu',
  'type' => 'ALL',
  'possible_keys' => NULL,
  'key' => NULL,
  'key_len' => NULL,
  'ref' => NULL,
  'rows' => 7,
  'extra' => 'Using filesort',
) ]
[ warn ] SQL:SELECT `id`,`pid`,`name`,`mca` FROM `vke_admin_menu` ORDER BY sorts,id  desc [Using filesort]
[ warn ] SQL:SELECT `id`,`pid`,`name`,`mca`,`icon`,`url` FROM `vke_admin_menu` ORDER BY sorts,id  desc [Using filesort]
---------------------------------------------------------------
[ 2017-12-01T17:34:02+08:00 ] 192.168.1.101 192.168.1.104 POST /manager/Menu/index
[ info ] 192.168.1.101/manager/Menu/index [运行时间：0.130859s][吞吐率：7.64req/s] [内存消耗：2,309.59kb] [文件加载：54]
[ info ] [ LANG ] E:\phpStudy\PHPTutorial\WWW\vke\thinkphp\lang\zh-cn.php
[ info ] [ ROUTE ] array (
  'type' => 'module',
  'module' => 
  array (
    0 => 'admin',
    1 => 'Menu',
    2 => 'index',
  ),
  'convert' => false,
)
[ info ] [ HEADER ] array (
  'host' => '192.168.1.101',
  'connection' => 'close',
  'content-length' => '0',
  'accept' => 'application/json, text/plain, */*',
  'origin' => 'http://localhost:8080',
  'user-agent' => 'Mozilla/5.0 (Windows NT 6.1; WOW64) AppleWebKit/537.36 (KHTML, like Gecko) Chrome/61.0.3163.91 Safari/537.36',
  'referer' => 'http://localhost:8080/',
  'accept-encoding' => 'gzip, deflate, br',
  'accept-language' => 'zh-CN,zh;q=0.8',
  'cookie' => 'Webstorm-3b4604bb=022db025-e5e3-4ca8-83cd-936fa8f71a05; PHPSESSID=e6v38nnelvo4bhn2sovbqj16u0; autologin=a%3A2%3A%7Bs%3A8%3A%22username%22%3Bs%3A6%3A%22admin2%22%3Bs%3A8%3A%22password%22%3Bs%3A6%3A%22123456%22%3B%7D',
)
[ info ] [ PARAM ] array (
  '/manager/Menu/index' => '',
  'c' => 'Menu',
  'a' => 'index',
)
[ info ] [ DB ] INIT mysql
[ info ] [ SESSION ] INIT array (
  'id' => '',
  'var_session_id' => '',
  'prefix' => 'think',
  'type' => '',
  'auto_start' => true,
)
[ info ] [ RUN ] app\admin\controller\Menu->index[ E:\phpStudy\PHPTutorial\WWW\vke\application\admin\controller\Menu.php ]
[ info ] [ LOG ] INIT File
[ sql ] [ DB ] CONNECT:[ UseTime:0.010742s ] mysql:host=127.0.0.1;dbname=vke;charset=utf8
[ sql ] [ SQL ] SHOW COLUMNS FROM `vke_admin_menu` [ RunTime:0.019532s ]
[ sql ] [ SQL ] SELECT `id`,`pid`,`name`,`mca` FROM `vke_admin_menu` ORDER BY sorts,id  desc [ RunTime:0.000000s ]
[ sql ] [ EXPLAIN : array (
  'id' => 1,
  'select_type' => 'SIMPLE',
  'table' => 'vke_admin_menu',
  'type' => 'ALL',
  'possible_keys' => NULL,
  'key' => NULL,
  'key_len' => NULL,
  'ref' => NULL,
  'rows' => 7,
  'extra' => 'Using filesort',
) ]
[ sql ] [ SQL ] SHOW COLUMNS FROM `vke_auth_group_access` [ RunTime:0.020508s ]
[ sql ] [ SQL ] SELECT `uid`,`group_id`,`title`,`rules` FROM `vke_auth_group_access` `a` INNER JOIN `vke_auth_group` `g` ON `a`.`group_id`=`g`.`id` WHERE  `a`.`uid` = 1  AND `g`.`status` = '1' [ RunTime:0.000976s ]
[ sql ] [ EXPLAIN : array (
  'id' => 1,
  'select_type' => 'SIMPLE',
  'table' => 'a',
  'type' => 'ref',
  'possible_keys' => 'uid_group_id,uid,group_id',
  'key' => 'uid_group_id',
  'key_len' => '4',
  'ref' => 'const',
  'rows' => 2,
  'extra' => 'Using index',
) ]
[ sql ] [ SQL ] SHOW COLUMNS FROM `vke_auth_rule` [ RunTime:0.020508s ]
[ sql ] [ SQL ] SELECT `condition`,`name` FROM `vke_auth_rule` WHERE  `id` IN (1,2,3,4,5,6,9,10,11,12,13,14,15,16,17,18,20,22,24,26,27,7,21,19,28)  AND `type` = 1  AND `status` = 1 [ RunTime:0.000976s ]
[ sql ] [ EXPLAIN : array (
  'id' => 1,
  'select_type' => 'SIMPLE',
  'table' => 'vke_auth_rule',
  'type' => 'ALL',
  'possible_keys' => 'PRIMARY',
  'key' => NULL,
  'key_len' => NULL,
  'ref' => NULL,
  'rows' => 26,
  'extra' => 'Using where',
) ]
[ sql ] [ SQL ] SELECT `id`,`pid`,`name`,`mca`,`icon`,`url` FROM `vke_admin_menu` ORDER BY sorts,id  desc [ RunTime:0.000000s ]
[ sql ] [ EXPLAIN : array (
  'id' => 1,
  'select_type' => 'SIMPLE',
  'table' => 'vke_admin_menu',
  'type' => 'ALL',
  'possible_keys' => NULL,
  'key' => NULL,
  'key_len' => NULL,
  'ref' => NULL,
  'rows' => 7,
  'extra' => 'Using filesort',
) ]
[ warn ] SQL:SELECT `id`,`pid`,`name`,`mca` FROM `vke_admin_menu` ORDER BY sorts,id  desc [Using filesort]
[ warn ] SQL:SELECT `id`,`pid`,`name`,`mca`,`icon`,`url` FROM `vke_admin_menu` ORDER BY sorts,id  desc [Using filesort]
---------------------------------------------------------------
[ 2017-12-01T17:39:40+08:00 ] 192.168.1.101 192.168.1.104 POST /manager/Menu/index
[ info ] 192.168.1.101/manager/Menu/index [运行时间：0.169922s][吞吐率：5.89req/s] [内存消耗：2,309.95kb] [文件加载：54]
[ info ] [ LANG ] E:\phpStudy\PHPTutorial\WWW\vke\thinkphp\lang\zh-cn.php
[ info ] [ ROUTE ] array (
  'type' => 'module',
  'module' => 
  array (
    0 => 'admin',
    1 => 'Menu',
    2 => 'index',
  ),
  'convert' => false,
)
[ info ] [ HEADER ] array (
  'host' => '192.168.1.101',
  'connection' => 'close',
  'content-length' => '0',
  'accept' => 'application/json, text/plain, */*',
  'origin' => 'http://localhost:8080',
  'user-agent' => 'Mozilla/5.0 (Windows NT 6.1; WOW64) AppleWebKit/537.36 (KHTML, like Gecko) Chrome/61.0.3163.91 Safari/537.36',
  'referer' => 'http://localhost:8080/',
  'accept-encoding' => 'gzip, deflate, br',
  'accept-language' => 'zh-CN,zh;q=0.8',
  'cookie' => 'Webstorm-3b4604bb=022db025-e5e3-4ca8-83cd-936fa8f71a05; PHPSESSID=e6v38nnelvo4bhn2sovbqj16u0; autologin=a%3A2%3A%7Bs%3A8%3A%22username%22%3Bs%3A6%3A%22admin2%22%3Bs%3A8%3A%22password%22%3Bs%3A6%3A%22123456%22%3B%7D',
)
[ info ] [ PARAM ] array (
  '/manager/Menu/index' => '',
  'c' => 'Menu',
  'a' => 'index',
)
[ info ] [ DB ] INIT mysql
[ info ] [ SESSION ] INIT array (
  'id' => '',
  'var_session_id' => '',
  'prefix' => 'think',
  'type' => '',
  'auto_start' => true,
)
[ info ] [ RUN ] app\admin\controller\Menu->index[ E:\phpStudy\PHPTutorial\WWW\vke\application\admin\controller\Menu.php ]
[ info ] [ LOG ] INIT File
[ sql ] [ DB ] CONNECT:[ UseTime:0.001953s ] mysql:host=127.0.0.1;dbname=vke;charset=utf8
[ sql ] [ SQL ] SHOW COLUMNS FROM `vke_admin_menu` [ RunTime:0.026367s ]
[ sql ] [ SQL ] SELECT `id`,`pid`,`name`,`mca` FROM `vke_admin_menu` ORDER BY sorts,id  desc [ RunTime:0.014648s ]
[ sql ] [ EXPLAIN : array (
  'id' => 1,
  'select_type' => 'SIMPLE',
  'table' => 'vke_admin_menu',
  'type' => 'ALL',
  'possible_keys' => NULL,
  'key' => NULL,
  'key_len' => NULL,
  'ref' => NULL,
  'rows' => 8,
  'extra' => 'Using filesort',
) ]
[ sql ] [ SQL ] SHOW COLUMNS FROM `vke_auth_group_access` [ RunTime:0.027344s ]
[ sql ] [ SQL ] SELECT `uid`,`group_id`,`title`,`rules` FROM `vke_auth_group_access` `a` INNER JOIN `vke_auth_group` `g` ON `a`.`group_id`=`g`.`id` WHERE  `a`.`uid` = 1  AND `g`.`status` = '1' [ RunTime:0.000976s ]
[ sql ] [ EXPLAIN : array (
  'id' => 1,
  'select_type' => 'SIMPLE',
  'table' => 'a',
  'type' => 'ref',
  'possible_keys' => 'uid_group_id,uid,group_id',
  'key' => 'uid_group_id',
  'key_len' => '4',
  'ref' => 'const',
  'rows' => 2,
  'extra' => 'Using index',
) ]
[ sql ] [ SQL ] SHOW COLUMNS FROM `vke_auth_rule` [ RunTime:0.028320s ]
[ sql ] [ SQL ] SELECT `condition`,`name` FROM `vke_auth_rule` WHERE  `id` IN (1,2,3,4,5,6,9,10,11,12,13,14,15,16,17,18,20,22,24,26,27,7,21,19,28)  AND `type` = 1  AND `status` = 1 [ RunTime:0.000977s ]
[ sql ] [ EXPLAIN : array (
  'id' => 1,
  'select_type' => 'SIMPLE',
  'table' => 'vke_auth_rule',
  'type' => 'ALL',
  'possible_keys' => 'PRIMARY',
  'key' => NULL,
  'key_len' => NULL,
  'ref' => NULL,
  'rows' => 26,
  'extra' => 'Using where',
) ]
[ sql ] [ SQL ] SELECT `id`,`pid`,`name`,`mca`,`icon`,`url` FROM `vke_admin_menu` ORDER BY sorts,id  desc [ RunTime:0.000000s ]
[ sql ] [ EXPLAIN : array (
  'id' => 1,
  'select_type' => 'SIMPLE',
  'table' => 'vke_admin_menu',
  'type' => 'ALL',
  'possible_keys' => NULL,
  'key' => NULL,
  'key_len' => NULL,
  'ref' => NULL,
  'rows' => 8,
  'extra' => 'Using filesort',
) ]
[ warn ] SQL:SELECT `id`,`pid`,`name`,`mca` FROM `vke_admin_menu` ORDER BY sorts,id  desc [Using filesort]
[ warn ] SQL:SELECT `id`,`pid`,`name`,`mca`,`icon`,`url` FROM `vke_admin_menu` ORDER BY sorts,id  desc [Using filesort]
